<?xml version="1.0" encoding="UTF-8"?>
<testsuite name="com.konasl.ApplicationTests" tests="4" skipped="0" failures="2" errors="0" timestamp="2016-10-01T07:16:51" hostname="TaqwaIt-PC" time="0.604">
  <properties/>
  <testcase name="userEndpointProtected" classname="com.konasl.ApplicationTests" time="0.381"/>
  <testcase name="authorizationRedirects" classname="com.konasl.ApplicationTests" time="0.01"/>
  <testcase name="homePageProtected" classname="com.konasl.ApplicationTests" time="0.103">
    <failure message="java.lang.AssertionError: expected:&lt;401&gt; but was:&lt;200&gt;" type="java.lang.AssertionError">java.lang.AssertionError: expected:&lt;401&gt; but was:&lt;200&gt;
	at org.junit.Assert.fail(Assert.java:88)
	at org.junit.Assert.failNotEquals(Assert.java:834)
	at org.junit.Assert.assertEquals(Assert.java:118)
	at org.junit.Assert.assertEquals(Assert.java:144)
	at com.konasl.ApplicationTests.homePageProtected(ApplicationTests.java:38)
	at sun.reflect.NativeMethodAccessorImpl.invoke0(Native Method)
	at sun.reflect.NativeMethodAccessorImpl.invoke(NativeMethodAccessorImpl.java:57)
	at sun.reflect.DelegatingMethodAccessorImpl.invoke(DelegatingMethodAccessorImpl.java:43)
	at java.lang.reflect.Method.invoke(Method.java:601)
	at org.junit.runners.model.FrameworkMethod$1.runReflectiveCall(FrameworkMethod.java:50)
	at org.junit.internal.runners.model.ReflectiveCallable.run(ReflectiveCallable.java:12)
	at org.junit.runners.model.FrameworkMethod.invokeExplosively(FrameworkMethod.java:47)
	at org.junit.internal.runners.statements.InvokeMethod.evaluate(InvokeMethod.java:17)
	at org.springframework.test.context.junit4.statements.RunBeforeTestMethodCallbacks.evaluate(RunBeforeTestMethodCallbacks.java:75)
	at org.springframework.test.context.junit4.statements.RunAfterTestMethodCallbacks.evaluate(RunAfterTestMethodCallbacks.java:86)
	at org.springframework.test.context.junit4.statements.SpringRepeat.evaluate(SpringRepeat.java:84)
	at org.junit.runners.ParentRunner.runLeaf(ParentRunner.java:325)
	at org.springframework.test.context.junit4.SpringJUnit4ClassRunner.runChild(SpringJUnit4ClassRunner.java:252)
	at org.springframework.test.context.junit4.SpringJUnit4ClassRunner.runChild(SpringJUnit4ClassRunner.java:94)
	at org.junit.runners.ParentRunner$3.run(ParentRunner.java:290)
	at org.junit.runners.ParentRunner$1.schedule(ParentRunner.java:71)
	at org.junit.runners.ParentRunner.runChildren(ParentRunner.java:288)
	at org.junit.runners.ParentRunner.access$000(ParentRunner.java:58)
	at org.junit.runners.ParentRunner$2.evaluate(ParentRunner.java:268)
	at org.springframework.test.context.junit4.statements.RunBeforeTestClassCallbacks.evaluate(RunBeforeTestClassCallbacks.java:61)
	at org.springframework.test.context.junit4.statements.RunAfterTestClassCallbacks.evaluate(RunAfterTestClassCallbacks.java:70)
	at org.junit.runners.ParentRunner.run(ParentRunner.java:363)
	at org.springframework.test.context.junit4.SpringJUnit4ClassRunner.run(SpringJUnit4ClassRunner.java:191)
	at org.gradle.api.internal.tasks.testing.junit.JUnitTestClassExecuter.runTestClass(JUnitTestClassExecuter.java:112)
	at org.gradle.api.internal.tasks.testing.junit.JUnitTestClassExecuter.execute(JUnitTestClassExecuter.java:56)
	at org.gradle.api.internal.tasks.testing.junit.JUnitTestClassProcessor.processTestClass(JUnitTestClassProcessor.java:66)
	at org.gradle.api.internal.tasks.testing.SuiteTestClassProcessor.processTestClass(SuiteTestClassProcessor.java:51)
	at sun.reflect.NativeMethodAccessorImpl.invoke0(Native Method)
	at sun.reflect.NativeMethodAccessorImpl.invoke(NativeMethodAccessorImpl.java:57)
	at sun.reflect.DelegatingMethodAccessorImpl.invoke(DelegatingMethodAccessorImpl.java:43)
	at java.lang.reflect.Method.invoke(Method.java:601)
	at org.gradle.messaging.dispatch.ReflectionDispatch.dispatch(ReflectionDispatch.java:35)
	at org.gradle.messaging.dispatch.ReflectionDispatch.dispatch(ReflectionDispatch.java:24)
	at org.gradle.messaging.dispatch.ContextClassLoaderDispatch.dispatch(ContextClassLoaderDispatch.java:32)
	at org.gradle.messaging.dispatch.ProxyDispatchAdapter$DispatchingInvocationHandler.invoke(ProxyDispatchAdapter.java:93)
	at $Proxy2.processTestClass(Unknown Source)
	at org.gradle.api.internal.tasks.testing.worker.TestWorker.processTestClass(TestWorker.java:109)
	at sun.reflect.NativeMethodAccessorImpl.invoke0(Native Method)
	at sun.reflect.NativeMethodAccessorImpl.invoke(NativeMethodAccessorImpl.java:57)
	at sun.reflect.DelegatingMethodAccessorImpl.invoke(DelegatingMethodAccessorImpl.java:43)
	at java.lang.reflect.Method.invoke(Method.java:601)
	at org.gradle.messaging.dispatch.ReflectionDispatch.dispatch(ReflectionDispatch.java:35)
	at org.gradle.messaging.dispatch.ReflectionDispatch.dispatch(ReflectionDispatch.java:24)
	at org.gradle.messaging.remote.internal.hub.MessageHub$Handler.run(MessageHub.java:364)
	at org.gradle.internal.concurrent.ExecutorPolicy$CatchAndRecordFailures.onExecute(ExecutorPolicy.java:54)
	at org.gradle.internal.concurrent.StoppableExecutorImpl$1.run(StoppableExecutorImpl.java:40)
	at java.util.concurrent.ThreadPoolExecutor.runWorker(ThreadPoolExecutor.java:1110)
	at java.util.concurrent.ThreadPoolExecutor$Worker.run(ThreadPoolExecutor.java:603)
	at java.lang.Thread.run(Thread.java:722)
</failure>
  </testcase>
  <testcase name="loginSucceeds" classname="com.konasl.ApplicationTests" time="0.076">
    <failure message="org.junit.ComparisonFailure: expected:&lt;...localhost:51478/uaa/[]&gt; but was:&lt;...localhost:51478/uaa/[home]&gt;" type="org.junit.ComparisonFailure">org.junit.ComparisonFailure: expected:&lt;...localhost:51478/uaa/[]&gt; but was:&lt;...localhost:51478/uaa/[home]&gt;
	at org.junit.Assert.assertEquals(Assert.java:115)
	at org.junit.Assert.assertEquals(Assert.java:144)
	at com.konasl.ApplicationTests.loginSucceeds(ApplicationTests.java:77)
	at sun.reflect.NativeMethodAccessorImpl.invoke0(Native Method)
	at sun.reflect.NativeMethodAccessorImpl.invoke(NativeMethodAccessorImpl.java:57)
	at sun.reflect.DelegatingMethodAccessorImpl.invoke(DelegatingMethodAccessorImpl.java:43)
	at java.lang.reflect.Method.invoke(Method.java:601)
	at org.junit.runners.model.FrameworkMethod$1.runReflectiveCall(FrameworkMethod.java:50)
	at org.junit.internal.runners.model.ReflectiveCallable.run(ReflectiveCallable.java:12)
	at org.junit.runners.model.FrameworkMethod.invokeExplosively(FrameworkMethod.java:47)
	at org.junit.internal.runners.statements.InvokeMethod.evaluate(InvokeMethod.java:17)
	at org.springframework.test.context.junit4.statements.RunBeforeTestMethodCallbacks.evaluate(RunBeforeTestMethodCallbacks.java:75)
	at org.springframework.test.context.junit4.statements.RunAfterTestMethodCallbacks.evaluate(RunAfterTestMethodCallbacks.java:86)
	at org.springframework.test.context.junit4.statements.SpringRepeat.evaluate(SpringRepeat.java:84)
	at org.junit.runners.ParentRunner.runLeaf(ParentRunner.java:325)
	at org.springframework.test.context.junit4.SpringJUnit4ClassRunner.runChild(SpringJUnit4ClassRunner.java:252)
	at org.springframework.test.context.junit4.SpringJUnit4ClassRunner.runChild(SpringJUnit4ClassRunner.java:94)
	at org.junit.runners.ParentRunner$3.run(ParentRunner.java:290)
	at org.junit.runners.ParentRunner$1.schedule(ParentRunner.java:71)
	at org.junit.runners.ParentRunner.runChildren(ParentRunner.java:288)
	at org.junit.runners.ParentRunner.access$000(ParentRunner.java:58)
	at org.junit.runners.ParentRunner$2.evaluate(ParentRunner.java:268)
	at org.springframework.test.context.junit4.statements.RunBeforeTestClassCallbacks.evaluate(RunBeforeTestClassCallbacks.java:61)
	at org.springframework.test.context.junit4.statements.RunAfterTestClassCallbacks.evaluate(RunAfterTestClassCallbacks.java:70)
	at org.junit.runners.ParentRunner.run(ParentRunner.java:363)
	at org.springframework.test.context.junit4.SpringJUnit4ClassRunner.run(SpringJUnit4ClassRunner.java:191)
	at org.gradle.api.internal.tasks.testing.junit.JUnitTestClassExecuter.runTestClass(JUnitTestClassExecuter.java:112)
	at org.gradle.api.internal.tasks.testing.junit.JUnitTestClassExecuter.execute(JUnitTestClassExecuter.java:56)
	at org.gradle.api.internal.tasks.testing.junit.JUnitTestClassProcessor.processTestClass(JUnitTestClassProcessor.java:66)
	at org.gradle.api.internal.tasks.testing.SuiteTestClassProcessor.processTestClass(SuiteTestClassProcessor.java:51)
	at sun.reflect.NativeMethodAccessorImpl.invoke0(Native Method)
	at sun.reflect.NativeMethodAccessorImpl.invoke(NativeMethodAccessorImpl.java:57)
	at sun.reflect.DelegatingMethodAccessorImpl.invoke(DelegatingMethodAccessorImpl.java:43)
	at java.lang.reflect.Method.invoke(Method.java:601)
	at org.gradle.messaging.dispatch.ReflectionDispatch.dispatch(ReflectionDispatch.java:35)
	at org.gradle.messaging.dispatch.ReflectionDispatch.dispatch(ReflectionDispatch.java:24)
	at org.gradle.messaging.dispatch.ContextClassLoaderDispatch.dispatch(ContextClassLoaderDispatch.java:32)
	at org.gradle.messaging.dispatch.ProxyDispatchAdapter$DispatchingInvocationHandler.invoke(ProxyDispatchAdapter.java:93)
	at $Proxy2.processTestClass(Unknown Source)
	at org.gradle.api.internal.tasks.testing.worker.TestWorker.processTestClass(TestWorker.java:109)
	at sun.reflect.NativeMethodAccessorImpl.invoke0(Native Method)
	at sun.reflect.NativeMethodAccessorImpl.invoke(NativeMethodAccessorImpl.java:57)
	at sun.reflect.DelegatingMethodAccessorImpl.invoke(DelegatingMethodAccessorImpl.java:43)
	at java.lang.reflect.Method.invoke(Method.java:601)
	at org.gradle.messaging.dispatch.ReflectionDispatch.dispatch(ReflectionDispatch.java:35)
	at org.gradle.messaging.dispatch.ReflectionDispatch.dispatch(ReflectionDispatch.java:24)
	at org.gradle.messaging.remote.internal.hub.MessageHub$Handler.run(MessageHub.java:364)
	at org.gradle.internal.concurrent.ExecutorPolicy$CatchAndRecordFailures.onExecute(ExecutorPolicy.java:54)
	at org.gradle.internal.concurrent.StoppableExecutorImpl$1.run(StoppableExecutorImpl.java:40)
	at java.util.concurrent.ThreadPoolExecutor.runWorker(ThreadPoolExecutor.java:1110)
	at java.util.concurrent.ThreadPoolExecutor$Worker.run(ThreadPoolExecutor.java:603)
	at java.lang.Thread.run(Thread.java:722)
</failure>
  </testcase>
  <system-out><![CDATA[13:16:45.134 [Test worker] DEBUG org.springframework.test.context.junit4.SpringJUnit4ClassRunner - SpringJUnit4ClassRunner constructor called with [class com.konasl.ApplicationTests]
13:16:45.134 [Test worker] DEBUG org.springframework.test.context.BootstrapUtils - Instantiating CacheAwareContextLoaderDelegate from class [org.springframework.test.context.cache.DefaultCacheAwareContextLoaderDelegate]
13:16:45.144 [Test worker] DEBUG org.springframework.test.context.BootstrapUtils - Instantiating BootstrapContext using constructor [public org.springframework.test.context.support.DefaultBootstrapContext(java.lang.Class,org.springframework.test.context.CacheAwareContextLoaderDelegate)]
13:16:45.164 [Test worker] DEBUG org.springframework.test.context.BootstrapUtils - Instantiating TestContextBootstrapper for test class [com.konasl.ApplicationTests] from class [org.springframework.boot.test.context.SpringBootTestContextBootstrapper]
13:16:45.174 [Test worker] INFO org.springframework.boot.test.context.SpringBootTestContextBootstrapper - Neither @ContextConfiguration nor @ContextHierarchy found for test class [com.konasl.ApplicationTests], using SpringBootContextLoader
13:16:45.174 [Test worker] DEBUG org.springframework.test.context.support.AbstractContextLoader - Did not detect default resource location for test class [com.konasl.ApplicationTests]: class path resource [com/konasl/ApplicationTests-context.xml] does not exist
13:16:45.174 [Test worker] DEBUG org.springframework.test.context.support.AbstractContextLoader - Did not detect default resource location for test class [com.konasl.ApplicationTests]: class path resource [com/konasl/ApplicationTestsContext.groovy] does not exist
13:16:45.184 [Test worker] INFO org.springframework.test.context.support.AbstractContextLoader - Could not detect default resource locations for test class [com.konasl.ApplicationTests]: no resource found for suffixes {-context.xml, Context.groovy}.
13:16:45.184 [Test worker] INFO org.springframework.test.context.support.AnnotationConfigContextLoaderUtils - Could not detect default configuration classes for test class [com.konasl.ApplicationTests]: ApplicationTests does not declare any static, non-private, non-final, nested classes annotated with @Configuration.
13:16:45.218 [Test worker] DEBUG org.springframework.test.context.support.ActiveProfilesUtils - Could not find an 'annotation declaring class' for annotation type [org.springframework.test.context.ActiveProfiles] and class [com.konasl.ApplicationTests]
13:16:45.250 [Test worker] DEBUG org.springframework.core.env.StandardEnvironment - Adding [systemProperties] PropertySource with lowest search precedence
13:16:45.250 [Test worker] DEBUG org.springframework.core.env.StandardEnvironment - Adding [systemEnvironment] PropertySource with lowest search precedence
13:16:45.250 [Test worker] DEBUG org.springframework.core.env.StandardEnvironment - Initialized StandardEnvironment with PropertySources [systemProperties,systemEnvironment]
13:16:45.260 [Test worker] DEBUG org.springframework.core.io.support.PathMatchingResourcePatternResolver - Resolved classpath location [com/konasl/] to resources [URL [file:/F:/bejon/oauth2-3-servers/authserver/build/classes/test/com/konasl/], URL [file:/F:/bejon/oauth2-3-servers/authserver/build/classes/main/com/konasl/]]
13:16:45.260 [Test worker] DEBUG org.springframework.core.io.support.PathMatchingResourcePatternResolver - Looking for matching resources in directory tree [F:\bejon\oauth2-3-servers\authserver\build\classes\test\com\konasl]
13:16:45.260 [Test worker] DEBUG org.springframework.core.io.support.PathMatchingResourcePatternResolver - Searching directory [F:\bejon\oauth2-3-servers\authserver\build\classes\test\com\konasl] for files matching pattern [F:/bejon/oauth2-3-servers/authserver/build/classes/test/com/konasl/*.class]
13:16:45.260 [Test worker] DEBUG org.springframework.core.io.support.PathMatchingResourcePatternResolver - Looking for matching resources in directory tree [F:\bejon\oauth2-3-servers\authserver\build\classes\main\com\konasl]
13:16:45.260 [Test worker] DEBUG org.springframework.core.io.support.PathMatchingResourcePatternResolver - Searching directory [F:\bejon\oauth2-3-servers\authserver\build\classes\main\com\konasl] for files matching pattern [F:/bejon/oauth2-3-servers/authserver/build/classes/main/com/konasl/*.class]
13:16:45.270 [Test worker] DEBUG org.springframework.core.io.support.PathMatchingResourcePatternResolver - Resolved location pattern [classpath*:com/konasl/*.class] to resources [file [F:\bejon\oauth2-3-servers\authserver\build\classes\test\com\konasl\ApplicationTests.class], file [F:\bejon\oauth2-3-servers\authserver\build\classes\main\com\konasl\AuthserverApplication$LoginConfig.class], file [F:\bejon\oauth2-3-servers\authserver\build\classes\main\com\konasl\AuthserverApplication$OAuth2AuthorizationConfig.class], file [F:\bejon\oauth2-3-servers\authserver\build\classes\main\com\konasl\AuthserverApplication.class]]
13:16:45.321 [Test worker] DEBUG org.springframework.context.annotation.ClassPathScanningCandidateComponentProvider - Identified candidate component class: file [F:\bejon\oauth2-3-servers\authserver\build\classes\main\com\konasl\AuthserverApplication.class]
13:16:45.324 [Test worker] INFO org.springframework.boot.test.context.SpringBootTestContextBootstrapper - Found @SpringBootConfiguration com.konasl.AuthserverApplication for test class com.konasl.ApplicationTests
13:16:45.326 [Test worker] DEBUG org.springframework.boot.test.context.SpringBootTestContextBootstrapper - @TestExecutionListeners is not present for class [com.konasl.ApplicationTests]: using defaults.
13:16:45.329 [Test worker] INFO org.springframework.boot.test.context.SpringBootTestContextBootstrapper - Loaded default TestExecutionListener class names from location [META-INF/spring.factories]: [org.springframework.boot.test.mock.mockito.MockitoTestExecutionListener, org.springframework.boot.test.mock.mockito.ResetMocksTestExecutionListener, org.springframework.boot.test.autoconfigure.restdocs.RestDocsTestExecutionListener, org.springframework.boot.test.autoconfigure.web.client.MockRestServiceServerResetTestExecutionListener, org.springframework.boot.test.autoconfigure.web.servlet.MockMvcPrintOnlyOnFailureTestExecutionListener, org.springframework.boot.test.autoconfigure.web.servlet.WebDriverTestExecutionListener, org.springframework.test.context.web.ServletTestExecutionListener, org.springframework.test.context.support.DirtiesContextBeforeModesTestExecutionListener, org.springframework.test.context.support.DependencyInjectionTestExecutionListener, org.springframework.test.context.support.DirtiesContextTestExecutionListener, org.springframework.test.context.transaction.TransactionalTestExecutionListener, org.springframework.test.context.jdbc.SqlScriptsTestExecutionListener]
13:16:45.337 [Test worker] INFO org.springframework.boot.test.context.SpringBootTestContextBootstrapper - Could not instantiate TestExecutionListener [org.springframework.test.context.jdbc.SqlScriptsTestExecutionListener]. Specify custom listener classes or make the default listener classes (and their required dependencies) available. Offending class: [org/springframework/transaction/interceptor/TransactionAttribute]
13:16:45.338 [Test worker] INFO org.springframework.boot.test.context.SpringBootTestContextBootstrapper - Could not instantiate TestExecutionListener [org.springframework.test.context.transaction.TransactionalTestExecutionListener]. Specify custom listener classes or make the default listener classes (and their required dependencies) available. Offending class: [org/springframework/transaction/TransactionDefinition]
13:16:45.341 [Test worker] INFO org.springframework.boot.test.context.SpringBootTestContextBootstrapper - Using TestExecutionListeners: [org.springframework.test.context.web.ServletTestExecutionListener@18f48a1, org.springframework.test.context.support.DirtiesContextBeforeModesTestExecutionListener@1e94f23, org.springframework.boot.test.autoconfigure.SpringBootDependencyInjectionTestExecutionListener@4a89f7, org.springframework.test.context.support.DirtiesContextTestExecutionListener@1a7e04f, org.springframework.boot.test.mock.mockito.MockitoTestExecutionListener@778a5d, org.springframework.boot.test.autoconfigure.web.servlet.MockMvcPrintOnlyOnFailureTestExecutionListener@1d04d6, org.springframework.boot.test.mock.mockito.ResetMocksTestExecutionListener@1288e12, org.springframework.boot.test.autoconfigure.web.servlet.WebDriverTestExecutionListener@187695e, org.springframework.boot.test.autoconfigure.web.client.MockRestServiceServerResetTestExecutionListener@116b9e1, org.springframework.boot.test.autoconfigure.restdocs.RestDocsTestExecutionListener@1056563]
13:16:45.343 [Test worker] DEBUG org.springframework.test.annotation.ProfileValueUtils - Retrieved @ProfileValueSourceConfiguration [null] for test class [com.konasl.ApplicationTests]
13:16:45.344 [Test worker] DEBUG org.springframework.test.annotation.ProfileValueUtils - Retrieved ProfileValueSource type [class org.springframework.test.annotation.SystemProfileValueSource] for class [com.konasl.ApplicationTests]
13:16:45.344 [Test worker] DEBUG org.springframework.test.annotation.ProfileValueUtils - Retrieved @ProfileValueSourceConfiguration [null] for test class [com.konasl.ApplicationTests]
13:16:45.345 [Test worker] DEBUG org.springframework.test.annotation.ProfileValueUtils - Retrieved ProfileValueSource type [class org.springframework.test.annotation.SystemProfileValueSource] for class [com.konasl.ApplicationTests]
13:16:45.349 [Test worker] DEBUG org.springframework.test.context.support.AbstractDirtiesContextTestExecutionListener - Before test class: context [DefaultTestContext@3ceb57 testClass = ApplicationTests, testInstance = [null], testMethod = [null], testException = [null], mergedContextConfiguration = [WebMergedContextConfiguration@17ea0fa testClass = ApplicationTests, locations = '{}', classes = '{class com.konasl.AuthserverApplication}', contextInitializerClasses = '[]', activeProfiles = '{}', propertySourceLocations = '{}', propertySourceProperties = '{org.springframework.boot.test.context.SpringBootTestContextBootstrapper=true, server.port=0}', contextCustomizers = set[org.springframework.boot.test.context.SpringBootTestContextCustomizer@1df0310, org.springframework.boot.test.context.filter.ExcludeFilterContextCustomizer@1e03fce, org.springframework.boot.test.mock.mockito.MockitoContextCustomizer@0, org.springframework.boot.test.autoconfigure.properties.PropertyMappingContextCustomizer@0, org.springframework.boot.test.autoconfigure.web.servlet.WebDriverContextCustomizerFactory$Customizer@c00e55], resourceBasePath = 'src/main/webapp', contextLoader = 'org.springframework.boot.test.context.SpringBootContextLoader', parent = [null]]], class annotated with @DirtiesContext [false] with mode [null].
13:16:45.350 [Test worker] DEBUG org.springframework.test.annotation.ProfileValueUtils - Retrieved @ProfileValueSourceConfiguration [null] for test class [com.konasl.ApplicationTests]
13:16:45.350 [Test worker] DEBUG org.springframework.test.annotation.ProfileValueUtils - Retrieved ProfileValueSource type [class org.springframework.test.annotation.SystemProfileValueSource] for class [com.konasl.ApplicationTests]
13:16:46.611 [Test worker] DEBUG org.springframework.test.context.support.DependencyInjectionTestExecutionListener - Performing dependency injection for test context [[DefaultTestContext@3ceb57 testClass = ApplicationTests, testInstance = com.konasl.ApplicationTests@1d69103, testMethod = [null], testException = [null], mergedContextConfiguration = [WebMergedContextConfiguration@17ea0fa testClass = ApplicationTests, locations = '{}', classes = '{class com.konasl.AuthserverApplication}', contextInitializerClasses = '[]', activeProfiles = '{}', propertySourceLocations = '{}', propertySourceProperties = '{org.springframework.boot.test.context.SpringBootTestContextBootstrapper=true, server.port=0}', contextCustomizers = set[org.springframework.boot.test.context.SpringBootTestContextCustomizer@1df0310, org.springframework.boot.test.context.filter.ExcludeFilterContextCustomizer@1e03fce, org.springframework.boot.test.mock.mockito.MockitoContextCustomizer@0, org.springframework.boot.test.autoconfigure.properties.PropertyMappingContextCustomizer@0, org.springframework.boot.test.autoconfigure.web.servlet.WebDriverContextCustomizerFactory$Customizer@c00e55], resourceBasePath = 'src/main/webapp', contextLoader = 'org.springframework.boot.test.context.SpringBootContextLoader', parent = [null]]]].
13:16:46.687 [Test worker] DEBUG org.springframework.core.env.StandardEnvironment - Adding [systemProperties] PropertySource with lowest search precedence
13:16:46.687 [Test worker] DEBUG org.springframework.core.env.StandardEnvironment - Adding [systemEnvironment] PropertySource with lowest search precedence
13:16:46.687 [Test worker] DEBUG org.springframework.core.env.StandardEnvironment - Initialized StandardEnvironment with PropertySources [systemProperties,systemEnvironment]
13:16:46.687 [Test worker] DEBUG org.springframework.test.context.support.TestPropertySourceUtils - Adding inlined properties to environment: {spring.jmx.enabled=false, org.springframework.boot.test.context.SpringBootTestContextBootstrapper=true, server.port=0}
13:16:46.687 [Test worker] DEBUG org.springframework.core.env.StandardEnvironment - Adding [Inlined Test Properties] PropertySource with highest search precedence

  .   ____          _            __ _ _
 /\\ / ___'_ __ _ _(_)_ __  __ _ \ \ \ \
( ( )\___ | '_ | '_| | '_ \/ _` | \ \ \ \
 \\/  ___)| |_)| | | | | || (_| |  ) ) ) )
  '  |____| .__|_| |_|_| |_\__, | / / / /
 =========|_|==============|___/=/_/_/_/
 :: Spring Boot ::        (v1.4.1.RELEASE)

2016-10-01 13:16:46.946  INFO 5108 --- [    Test worker] com.konasl.ApplicationTests              : Starting ApplicationTests on TaqwaIt-PC with PID 5108 (started by Taqwa It in F:\bejon\oauth2-3-servers\authserver)
2016-10-01 13:16:46.946  INFO 5108 --- [    Test worker] com.konasl.ApplicationTests              : No active profile set, falling back to default profiles: default
2016-10-01 13:16:46.975  INFO 5108 --- [    Test worker] ationConfigEmbeddedWebApplicationContext : Refreshing org.springframework.boot.context.embedded.AnnotationConfigEmbeddedWebApplicationContext@1be2eac: startup date [Sat Oct 01 13:16:46 BDT 2016]; root of context hierarchy
2016-10-01 13:16:47.748  INFO 5108 --- [    Test worker] o.s.b.f.s.DefaultListableBeanFactory     : Overriding bean definition for bean 'ignoredPathsWebSecurityConfigurerAdapter' with a different definition: replacing [Root bean: class [null]; scope=; abstract=false; lazyInit=false; autowireMode=3; dependencyCheck=0; autowireCandidate=true; primary=false; factoryBeanName=org.springframework.boot.autoconfigure.security.SpringBootWebSecurityConfiguration; factoryMethodName=ignoredPathsWebSecurityConfigurerAdapter; initMethodName=null; destroyMethodName=(inferred); defined in class path resource [org/springframework/boot/autoconfigure/security/SpringBootWebSecurityConfiguration.class]] with [Root bean: class [null]; scope=; abstract=false; lazyInit=false; autowireMode=3; dependencyCheck=0; autowireCandidate=true; primary=false; factoryBeanName=org.springframework.boot.actuate.autoconfigure.ManagementWebSecurityAutoConfiguration; factoryMethodName=ignoredPathsWebSecurityConfigurerAdapter; initMethodName=null; destroyMethodName=(inferred); defined in class path resource [org/springframework/boot/actuate/autoconfigure/ManagementWebSecurityAutoConfiguration.class]]
2016-10-01 13:16:47.849  WARN 5108 --- [    Test worker] o.s.c.a.ConfigurationClassPostProcessor  : Cannot enhance @Configuration bean definition 'org.springframework.security.oauth2.config.annotation.web.configuration.AuthorizationServerEndpointsConfiguration$TokenKeyEndpointRegistrar' since its singleton instance has been created too early. The typical cause is a non-static @Bean method with a BeanDefinitionRegistryPostProcessor return type: Consider declaring such methods as 'static'.
2016-10-01 13:16:48.547  INFO 5108 --- [    Test worker] s.b.c.e.t.TomcatEmbeddedServletContainer : Tomcat initialized with port(s): 0 (http)
2016-10-01 13:16:48.557  INFO 5108 --- [    Test worker] o.apache.catalina.core.StandardService   : Starting service Tomcat
2016-10-01 13:16:48.557  INFO 5108 --- [    Test worker] org.apache.catalina.core.StandardEngine  : Starting Servlet Engine: Apache Tomcat/8.5.5
2016-10-01 13:16:48.637  INFO 5108 --- [ost-startStop-1] o.a.c.c.C.[Tomcat].[localhost].[/uaa]    : Initializing Spring embedded WebApplicationContext
2016-10-01 13:16:48.637  INFO 5108 --- [ost-startStop-1] o.s.web.context.ContextLoader            : Root WebApplicationContext: initialization completed in 1662 ms
2016-10-01 13:16:48.905  INFO 5108 --- [ost-startStop-1] o.s.b.w.servlet.FilterRegistrationBean   : Mapping filter: 'metricsFilter' to: [/*]
2016-10-01 13:16:48.905  INFO 5108 --- [ost-startStop-1] o.s.b.w.servlet.FilterRegistrationBean   : Mapping filter: 'characterEncodingFilter' to: [/*]
2016-10-01 13:16:48.905  INFO 5108 --- [ost-startStop-1] o.s.b.w.servlet.FilterRegistrationBean   : Mapping filter: 'hiddenHttpMethodFilter' to: [/*]
2016-10-01 13:16:48.905  INFO 5108 --- [ost-startStop-1] o.s.b.w.servlet.FilterRegistrationBean   : Mapping filter: 'httpPutFormContentFilter' to: [/*]
2016-10-01 13:16:48.905  INFO 5108 --- [ost-startStop-1] o.s.b.w.servlet.FilterRegistrationBean   : Mapping filter: 'requestContextFilter' to: [/*]
2016-10-01 13:16:48.905  INFO 5108 --- [ost-startStop-1] .s.DelegatingFilterProxyRegistrationBean : Mapping filter: 'springSecurityFilterChain' to: [/*]
2016-10-01 13:16:48.905  INFO 5108 --- [ost-startStop-1] o.s.b.w.servlet.FilterRegistrationBean   : Mapping filter: 'webRequestLoggingFilter' to: [/*]
2016-10-01 13:16:48.905  INFO 5108 --- [ost-startStop-1] o.s.b.w.servlet.FilterRegistrationBean   : Mapping filter: 'applicationContextIdFilter' to: [/*]
2016-10-01 13:16:48.905  INFO 5108 --- [ost-startStop-1] o.s.b.w.servlet.ServletRegistrationBean  : Mapping servlet: 'dispatcherServlet' to [/]
2016-10-01 13:16:49.199 DEBUG 5108 --- [    Test worker] eGlobalAuthenticationAutowiredConfigurer : Eagerly initializing {org.springframework.boot.autoconfigure.security.SpringBootWebSecurityConfiguration=org.springframework.boot.autoconfigure.security.SpringBootWebSecurityConfiguration$$EnhancerBySpringCGLIB$$519a7e62@1fb9663}
2016-10-01 13:16:49.315  INFO 5108 --- [    Test worker] o.s.s.o.p.t.s.JwtAccessTokenConverter    : Signing and verification RSA keys match
2016-10-01 13:16:49.365 DEBUG 5108 --- [    Test worker] .s.o.p.e.FrameworkEndpointHandlerMapping : Looking for request mappings in application context: org.springframework.boot.context.embedded.AnnotationConfigEmbeddedWebApplicationContext@1be2eac: startup date [Sat Oct 01 13:16:46 BDT 2016]; root of context hierarchy
2016-10-01 13:16:49.375 DEBUG 5108 --- [    Test worker] .s.o.p.e.FrameworkEndpointHandlerMapping : 2 request handler methods found on class org.springframework.security.oauth2.provider.endpoint.AuthorizationEndpoint: {public org.springframework.web.servlet.ModelAndView org.springframework.security.oauth2.provider.endpoint.AuthorizationEndpoint.authorize(java.util.Map,java.util.Map,org.springframework.web.bind.support.SessionStatus,java.security.Principal)={[/oauth/authorize]}, public org.springframework.web.servlet.View org.springframework.security.oauth2.provider.endpoint.AuthorizationEndpoint.approveOrDeny(java.util.Map,java.util.Map,org.springframework.web.bind.support.SessionStatus,java.security.Principal)={[/oauth/authorize],methods=[POST],params=[user_oauth_approval]}}
2016-10-01 13:16:49.375  INFO 5108 --- [    Test worker] .s.o.p.e.FrameworkEndpointHandlerMapping : Mapped "{[/oauth/authorize]}" onto public org.springframework.web.servlet.ModelAndView org.springframework.security.oauth2.provider.endpoint.AuthorizationEndpoint.authorize(java.util.Map<java.lang.String, java.lang.Object>,java.util.Map<java.lang.String, java.lang.String>,org.springframework.web.bind.support.SessionStatus,java.security.Principal)
2016-10-01 13:16:49.375  INFO 5108 --- [    Test worker] .s.o.p.e.FrameworkEndpointHandlerMapping : Mapped "{[/oauth/authorize],methods=[POST],params=[user_oauth_approval]}" onto public org.springframework.web.servlet.View org.springframework.security.oauth2.provider.endpoint.AuthorizationEndpoint.approveOrDeny(java.util.Map<java.lang.String, java.lang.String>,java.util.Map<java.lang.String, ?>,org.springframework.web.bind.support.SessionStatus,java.security.Principal)
2016-10-01 13:16:49.375 DEBUG 5108 --- [    Test worker] .s.o.p.e.FrameworkEndpointHandlerMapping : 1 request handler methods found on class org.springframework.security.oauth2.provider.endpoint.WhitelabelApprovalEndpoint: {public org.springframework.web.servlet.ModelAndView org.springframework.security.oauth2.provider.endpoint.WhitelabelApprovalEndpoint.getAccessConfirmation(java.util.Map,javax.servlet.http.HttpServletRequest) throws java.lang.Exception={[/oauth/confirm_access]}}
2016-10-01 13:16:49.375  INFO 5108 --- [    Test worker] .s.o.p.e.FrameworkEndpointHandlerMapping : Mapped "{[/oauth/confirm_access]}" onto public org.springframework.web.servlet.ModelAndView org.springframework.security.oauth2.provider.endpoint.WhitelabelApprovalEndpoint.getAccessConfirmation(java.util.Map<java.lang.String, java.lang.Object>,javax.servlet.http.HttpServletRequest) throws java.lang.Exception
2016-10-01 13:16:49.375 DEBUG 5108 --- [    Test worker] .s.o.p.e.FrameworkEndpointHandlerMapping : 1 request handler methods found on class org.springframework.security.oauth2.provider.endpoint.WhitelabelErrorEndpoint: {public org.springframework.web.servlet.ModelAndView org.springframework.security.oauth2.provider.endpoint.WhitelabelErrorEndpoint.handleError(javax.servlet.http.HttpServletRequest)={[/oauth/error]}}
2016-10-01 13:16:49.375  INFO 5108 --- [    Test worker] .s.o.p.e.FrameworkEndpointHandlerMapping : Mapped "{[/oauth/error]}" onto public org.springframework.web.servlet.ModelAndView org.springframework.security.oauth2.provider.endpoint.WhitelabelErrorEndpoint.handleError(javax.servlet.http.HttpServletRequest)
2016-10-01 13:16:49.385 DEBUG 5108 --- [    Test worker] .s.o.p.e.FrameworkEndpointHandlerMapping : 2 request handler methods found on class org.springframework.security.oauth2.provider.endpoint.TokenEndpoint: {public org.springframework.http.ResponseEntity org.springframework.security.oauth2.provider.endpoint.TokenEndpoint.getAccessToken(java.security.Principal,java.util.Map) throws org.springframework.web.HttpRequestMethodNotSupportedException={[/oauth/token],methods=[GET]}, public org.springframework.http.ResponseEntity org.springframework.security.oauth2.provider.endpoint.TokenEndpoint.postAccessToken(java.security.Principal,java.util.Map) throws org.springframework.web.HttpRequestMethodNotSupportedException={[/oauth/token],methods=[POST]}}
2016-10-01 13:16:49.385  INFO 5108 --- [    Test worker] .s.o.p.e.FrameworkEndpointHandlerMapping : Mapped "{[/oauth/token],methods=[GET]}" onto public org.springframework.http.ResponseEntity<org.springframework.security.oauth2.common.OAuth2AccessToken> org.springframework.security.oauth2.provider.endpoint.TokenEndpoint.getAccessToken(java.security.Principal,java.util.Map<java.lang.String, java.lang.String>) throws org.springframework.web.HttpRequestMethodNotSupportedException
2016-10-01 13:16:49.385  INFO 5108 --- [    Test worker] .s.o.p.e.FrameworkEndpointHandlerMapping : Mapped "{[/oauth/token],methods=[POST]}" onto public org.springframework.http.ResponseEntity<org.springframework.security.oauth2.common.OAuth2AccessToken> org.springframework.security.oauth2.provider.endpoint.TokenEndpoint.postAccessToken(java.security.Principal,java.util.Map<java.lang.String, java.lang.String>) throws org.springframework.web.HttpRequestMethodNotSupportedException
2016-10-01 13:16:49.385 DEBUG 5108 --- [    Test worker] .s.o.p.e.FrameworkEndpointHandlerMapping : 1 request handler methods found on class org.springframework.security.oauth2.provider.endpoint.CheckTokenEndpoint: {public java.util.Map org.springframework.security.oauth2.provider.endpoint.CheckTokenEndpoint.checkToken(java.lang.String)={[/oauth/check_token]}}
2016-10-01 13:16:49.385  INFO 5108 --- [    Test worker] .s.o.p.e.FrameworkEndpointHandlerMapping : Mapped "{[/oauth/check_token]}" onto public java.util.Map<java.lang.String, ?> org.springframework.security.oauth2.provider.endpoint.CheckTokenEndpoint.checkToken(java.lang.String)
2016-10-01 13:16:49.385 DEBUG 5108 --- [    Test worker] .s.o.p.e.FrameworkEndpointHandlerMapping : 1 request handler methods found on class org.springframework.security.oauth2.provider.endpoint.TokenKeyEndpoint: {public java.util.Map org.springframework.security.oauth2.provider.endpoint.TokenKeyEndpoint.getKey(java.security.Principal)={[/oauth/token_key],methods=[GET]}}
2016-10-01 13:16:49.385  INFO 5108 --- [    Test worker] .s.o.p.e.FrameworkEndpointHandlerMapping : Mapped "{[/oauth/token_key],methods=[GET]}" onto public java.util.Map<java.lang.String, java.lang.String> org.springframework.security.oauth2.provider.endpoint.TokenKeyEndpoint.getKey(java.security.Principal)
2016-10-01 13:16:49.636  INFO 5108 --- [    Test worker] s.w.s.m.m.a.RequestMappingHandlerAdapter : Looking for @ControllerAdvice: org.springframework.boot.context.embedded.AnnotationConfigEmbeddedWebApplicationContext@1be2eac: startup date [Sat Oct 01 13:16:46 BDT 2016]; root of context hierarchy
2016-10-01 13:16:49.686  INFO 5108 --- [    Test worker] s.w.s.m.m.a.RequestMappingHandlerMapping : Mapped "{[/user]}" onto public java.security.Principal com.konasl.AuthserverApplication.user(java.security.Principal)
2016-10-01 13:16:49.686  INFO 5108 --- [    Test worker] s.w.s.m.m.a.RequestMappingHandlerMapping : Mapped "{[/error],produces=[text/html]}" onto public org.springframework.web.servlet.ModelAndView org.springframework.boot.autoconfigure.web.BasicErrorController.errorHtml(javax.servlet.http.HttpServletRequest,javax.servlet.http.HttpServletResponse)
2016-10-01 13:16:49.686  INFO 5108 --- [    Test worker] s.w.s.m.m.a.RequestMappingHandlerMapping : Mapped "{[/error]}" onto public org.springframework.http.ResponseEntity<java.util.Map<java.lang.String, java.lang.Object>> org.springframework.boot.autoconfigure.web.BasicErrorController.error(javax.servlet.http.HttpServletRequest)
2016-10-01 13:16:49.706  INFO 5108 --- [    Test worker] o.s.w.s.handler.SimpleUrlHandlerMapping  : Root mapping to handler of type [class org.springframework.web.servlet.mvc.ParameterizableViewController]
2016-10-01 13:16:49.706  INFO 5108 --- [    Test worker] o.s.w.s.handler.SimpleUrlHandlerMapping  : Mapped URL path [/home] onto handler of type [class org.springframework.web.servlet.mvc.ParameterizableViewController]
2016-10-01 13:16:49.706  INFO 5108 --- [    Test worker] o.s.w.s.handler.SimpleUrlHandlerMapping  : Mapped URL path [/login] onto handler of type [class org.springframework.web.servlet.mvc.ParameterizableViewController]
2016-10-01 13:16:49.706  INFO 5108 --- [    Test worker] o.s.w.s.handler.SimpleUrlHandlerMapping  : Mapped URL path [/oauth/confirm_access] onto handler of type [class org.springframework.web.servlet.mvc.ParameterizableViewController]
2016-10-01 13:16:49.716  INFO 5108 --- [    Test worker] o.s.w.s.handler.SimpleUrlHandlerMapping  : Mapped URL path [/webjars/**] onto handler of type [class org.springframework.web.servlet.resource.ResourceHttpRequestHandler]
2016-10-01 13:16:49.716  INFO 5108 --- [    Test worker] o.s.w.s.handler.SimpleUrlHandlerMapping  : Mapped URL path [/**] onto handler of type [class org.springframework.web.servlet.resource.ResourceHttpRequestHandler]
2016-10-01 13:16:49.770  INFO 5108 --- [    Test worker] o.s.w.s.handler.SimpleUrlHandlerMapping  : Mapped URL path [/**/favicon.ico] onto handler of type [class org.springframework.web.servlet.resource.ResourceHttpRequestHandler]
2016-10-01 13:16:50.401  INFO 5108 --- [    Test worker] o.s.s.web.DefaultSecurityFilterChain     : Creating filter chain: OrRequestMatcher [requestMatchers=[Ant [pattern='/css/**'], Ant [pattern='/js/**'], Ant [pattern='/images/**'], Ant [pattern='/webjars/**'], Ant [pattern='/**/favicon.ico'], Ant [pattern='/error']]], []
2016-10-01 13:16:50.461 DEBUG 5108 --- [    Test worker] edFilterInvocationSecurityMetadataSource : Adding web access control expression 'permitAll', for ExactUrl [processUrl='/login?error']
2016-10-01 13:16:50.461 DEBUG 5108 --- [    Test worker] edFilterInvocationSecurityMetadataSource : Adding web access control expression 'permitAll', for ExactUrl [processUrl='/login']
2016-10-01 13:16:50.461 DEBUG 5108 --- [    Test worker] edFilterInvocationSecurityMetadataSource : Adding web access control expression 'permitAll', for ExactUrl [processUrl='/login']
2016-10-01 13:16:50.461 DEBUG 5108 --- [    Test worker] edFilterInvocationSecurityMetadataSource : Adding web access control expression 'permitAll', for Ant [pattern='/']
2016-10-01 13:16:50.461 DEBUG 5108 --- [    Test worker] edFilterInvocationSecurityMetadataSource : Adding web access control expression 'authenticated', for org.springframework.security.web.util.matcher.AnyRequestMatcher@1
2016-10-01 13:16:50.471 DEBUG 5108 --- [    Test worker] o.s.s.w.a.i.FilterSecurityInterceptor    : Validated configuration attributes
2016-10-01 13:16:50.471 DEBUG 5108 --- [    Test worker] o.s.s.w.a.i.FilterSecurityInterceptor    : Validated configuration attributes
2016-10-01 13:16:50.471  INFO 5108 --- [    Test worker] o.s.s.web.DefaultSecurityFilterChain     : Creating filter chain: OrRequestMatcher [requestMatchers=[Ant [pattern='/login'], Ant [pattern='/'], Ant [pattern='/home'], Ant [pattern='/oauth/authorize'], Ant [pattern='/oauth/confirm_access']]], [org.springframework.security.web.context.request.async.WebAsyncManagerIntegrationFilter@b958f4, org.springframework.security.web.context.SecurityContextPersistenceFilter@1104cfa, org.springframework.security.web.header.HeaderWriterFilter@2705fb, org.springframework.security.web.csrf.CsrfFilter@62d05e, org.springframework.security.web.authentication.logout.LogoutFilter@f7930d, org.springframework.security.web.authentication.UsernamePasswordAuthenticationFilter@1ef80eb, org.springframework.security.web.savedrequest.RequestCacheAwareFilter@b804e6, org.springframework.security.web.servletapi.SecurityContextHolderAwareRequestFilter@c72bca, org.springframework.security.web.authentication.AnonymousAuthenticationFilter@7f3917, org.springframework.security.web.session.SessionManagementFilter@374926, org.springframework.security.web.access.ExceptionTranslationFilter@1e0ea77, org.springframework.security.web.access.intercept.FilterSecurityInterceptor@1021a21]
2016-10-01 13:16:50.481 DEBUG 5108 --- [    Test worker] edFilterInvocationSecurityMetadataSource : Adding web access control expression 'fullyAuthenticated', for Ant [pattern='/oauth/token']
2016-10-01 13:16:50.481 DEBUG 5108 --- [    Test worker] edFilterInvocationSecurityMetadataSource : Adding web access control expression 'permitAll()', for Ant [pattern='/oauth/token_key']
2016-10-01 13:16:50.481 DEBUG 5108 --- [    Test worker] edFilterInvocationSecurityMetadataSource : Adding web access control expression 'isAuthenticated()', for Ant [pattern='/oauth/check_token']
2016-10-01 13:16:50.481 DEBUG 5108 --- [    Test worker] o.s.s.w.a.i.FilterSecurityInterceptor    : Validated configuration attributes
2016-10-01 13:16:50.481 DEBUG 5108 --- [    Test worker] o.s.s.w.a.i.FilterSecurityInterceptor    : Validated configuration attributes
2016-10-01 13:16:50.491  INFO 5108 --- [    Test worker] o.s.s.web.DefaultSecurityFilterChain     : Creating filter chain: OrRequestMatcher [requestMatchers=[Ant [pattern='/oauth/token'], Ant [pattern='/oauth/token_key'], Ant [pattern='/oauth/check_token']]], [org.springframework.security.web.context.request.async.WebAsyncManagerIntegrationFilter@1e488fe, org.springframework.security.web.context.SecurityContextPersistenceFilter@1994099, org.springframework.security.web.header.HeaderWriterFilter@98856b, org.springframework.security.web.authentication.logout.LogoutFilter@d1ae31, org.springframework.security.web.authentication.www.BasicAuthenticationFilter@19db523, org.springframework.security.web.savedrequest.RequestCacheAwareFilter@601953, org.springframework.security.web.servletapi.SecurityContextHolderAwareRequestFilter@11eafee, org.springframework.security.web.authentication.AnonymousAuthenticationFilter@ddff8b, org.springframework.security.web.session.SessionManagementFilter@15f3521, org.springframework.security.web.access.ExceptionTranslationFilter@8fc42d, org.springframework.security.web.access.intercept.FilterSecurityInterceptor@11f8236]
2016-10-01 13:16:50.512 DEBUG 5108 --- [    Test worker] edFilterInvocationSecurityMetadataSource : Adding web access control expression 'authenticated', for org.springframework.security.web.util.matcher.AnyRequestMatcher@1
2016-10-01 13:16:50.512 DEBUG 5108 --- [    Test worker] o.s.s.w.a.i.FilterSecurityInterceptor    : Validated configuration attributes
2016-10-01 13:16:50.512 DEBUG 5108 --- [    Test worker] o.s.s.w.a.i.FilterSecurityInterceptor    : Validated configuration attributes
2016-10-01 13:16:50.512  INFO 5108 --- [    Test worker] o.s.s.web.DefaultSecurityFilterChain     : Creating filter chain: org.springframework.security.oauth2.config.annotation.web.configuration.ResourceServerConfiguration$NotOAuthRequestMatcher@388146, [org.springframework.security.web.context.request.async.WebAsyncManagerIntegrationFilter@1af4f18, org.springframework.security.web.context.SecurityContextPersistenceFilter@1b117fa, org.springframework.security.web.header.HeaderWriterFilter@1216d2f, org.springframework.security.web.authentication.logout.LogoutFilter@15fddb7, org.springframework.security.oauth2.provider.authentication.OAuth2AuthenticationProcessingFilter@114c3d8, org.springframework.security.web.savedrequest.RequestCacheAwareFilter@19d5b7a, org.springframework.security.web.servletapi.SecurityContextHolderAwareRequestFilter@1e0ac8b, org.springframework.security.web.authentication.AnonymousAuthenticationFilter@71b499, org.springframework.security.web.session.SessionManagementFilter@1875453, org.springframework.security.web.access.ExceptionTranslationFilter@3c3e59, org.springframework.security.web.access.intercept.FilterSecurityInterceptor@a100c1]
2016-10-01 13:16:50.522 DEBUG 5108 --- [    Test worker] edFilterInvocationSecurityMetadataSource : Adding web access control expression 'permitAll', for org.springframework.boot.actuate.autoconfigure.ManagementWebSecurityAutoConfiguration$LazyEndpointPathRequestMatcher@a55ab9
2016-10-01 13:16:50.522 DEBUG 5108 --- [    Test worker] edFilterInvocationSecurityMetadataSource : Adding web access control expression 'hasAnyRole('ROLE_ADMIN')', for org.springframework.security.web.util.matcher.AnyRequestMatcher@1
2016-10-01 13:16:50.522 DEBUG 5108 --- [    Test worker] o.s.s.w.a.i.FilterSecurityInterceptor    : Validated configuration attributes
2016-10-01 13:16:50.522 DEBUG 5108 --- [    Test worker] o.s.s.w.a.i.FilterSecurityInterceptor    : Validated configuration attributes
2016-10-01 13:16:50.522  INFO 5108 --- [    Test worker] o.s.s.web.DefaultSecurityFilterChain     : Creating filter chain: org.springframework.boot.actuate.autoconfigure.ManagementWebSecurityAutoConfiguration$LazyEndpointPathRequestMatcher@109840f, [org.springframework.security.web.context.request.async.WebAsyncManagerIntegrationFilter@1bcfd86, org.springframework.security.web.context.SecurityContextPersistenceFilter@fadd2, org.springframework.security.web.header.HeaderWriterFilter@1677e12, org.springframework.security.web.authentication.logout.LogoutFilter@1d15ec6, org.springframework.security.web.authentication.www.BasicAuthenticationFilter@12fcc3c, org.springframework.security.web.savedrequest.RequestCacheAwareFilter@15cbd34, org.springframework.security.web.servletapi.SecurityContextHolderAwareRequestFilter@189b51c, org.springframework.security.web.authentication.AnonymousAuthenticationFilter@a86c62, org.springframework.security.web.session.SessionManagementFilter@185fe9f, org.springframework.security.web.access.ExceptionTranslationFilter@167db31, org.springframework.security.web.access.intercept.FilterSecurityInterceptor@10ab20e]
2016-10-01 13:16:50.522 DEBUG 5108 --- [    Test worker] edFilterInvocationSecurityMetadataSource : Adding web access control expression 'hasAnyRole('ROLE_USER','ROLE_ADMIN')', for org.springframework.security.web.util.matcher.AnyRequestMatcher@1
2016-10-01 13:16:50.522 DEBUG 5108 --- [    Test worker] o.s.s.w.a.i.FilterSecurityInterceptor    : Validated configuration attributes
2016-10-01 13:16:50.522 DEBUG 5108 --- [    Test worker] o.s.s.w.a.i.FilterSecurityInterceptor    : Validated configuration attributes
2016-10-01 13:16:50.522  INFO 5108 --- [    Test worker] o.s.s.web.DefaultSecurityFilterChain     : Creating filter chain: OrRequestMatcher [requestMatchers=[Ant [pattern='/**']]], [org.springframework.security.web.context.request.async.WebAsyncManagerIntegrationFilter@126cfe8, org.springframework.security.web.context.SecurityContextPersistenceFilter@139ce52, org.springframework.security.web.header.HeaderWriterFilter@75a20c, org.springframework.security.web.authentication.logout.LogoutFilter@85eef9, org.springframework.security.web.authentication.www.BasicAuthenticationFilter@10c24e1, org.springframework.security.web.savedrequest.RequestCacheAwareFilter@188af2, org.springframework.security.web.servletapi.SecurityContextHolderAwareRequestFilter@14a33aa, org.springframework.security.web.authentication.AnonymousAuthenticationFilter@11ba8bc, org.springframework.security.web.session.SessionManagementFilter@e1f768, org.springframework.security.web.access.ExceptionTranslationFilter@8c1402, org.springframework.security.web.access.intercept.FilterSecurityInterceptor@13d247e]
2016-10-01 13:16:50.737  INFO 5108 --- [    Test worker] o.s.b.a.e.mvc.EndpointHandlerMapping     : Mapped "{[/trace || /trace.json],methods=[GET],produces=[application/json]}" onto public java.lang.Object org.springframework.boot.actuate.endpoint.mvc.EndpointMvcAdapter.invoke()
2016-10-01 13:16:50.737  INFO 5108 --- [    Test worker] o.s.b.a.e.mvc.EndpointHandlerMapping     : Mapped "{[/info || /info.json],methods=[GET],produces=[application/json]}" onto public java.lang.Object org.springframework.boot.actuate.endpoint.mvc.EndpointMvcAdapter.invoke()
2016-10-01 13:16:50.737  INFO 5108 --- [    Test worker] o.s.b.a.e.mvc.EndpointHandlerMapping     : Mapped "{[/mappings || /mappings.json],methods=[GET],produces=[application/json]}" onto public java.lang.Object org.springframework.boot.actuate.endpoint.mvc.EndpointMvcAdapter.invoke()
2016-10-01 13:16:50.737  INFO 5108 --- [    Test worker] o.s.b.a.e.mvc.EndpointHandlerMapping     : Mapped "{[/dump || /dump.json],methods=[GET],produces=[application/json]}" onto public java.lang.Object org.springframework.boot.actuate.endpoint.mvc.EndpointMvcAdapter.invoke()
2016-10-01 13:16:50.737  INFO 5108 --- [    Test worker] o.s.b.a.e.mvc.EndpointHandlerMapping     : Mapped "{[/beans || /beans.json],methods=[GET],produces=[application/json]}" onto public java.lang.Object org.springframework.boot.actuate.endpoint.mvc.EndpointMvcAdapter.invoke()
2016-10-01 13:16:50.737  INFO 5108 --- [    Test worker] o.s.b.a.e.mvc.EndpointHandlerMapping     : Mapped "{[/env/{name:.*}],methods=[GET],produces=[application/json]}" onto public java.lang.Object org.springframework.boot.actuate.endpoint.mvc.EnvironmentMvcEndpoint.value(java.lang.String)
2016-10-01 13:16:50.737  INFO 5108 --- [    Test worker] o.s.b.a.e.mvc.EndpointHandlerMapping     : Mapped "{[/env || /env.json],methods=[GET],produces=[application/json]}" onto public java.lang.Object org.springframework.boot.actuate.endpoint.mvc.EndpointMvcAdapter.invoke()
2016-10-01 13:16:50.737  INFO 5108 --- [    Test worker] o.s.b.a.e.mvc.EndpointHandlerMapping     : Mapped "{[/health || /health.json],produces=[application/json]}" onto public java.lang.Object org.springframework.boot.actuate.endpoint.mvc.HealthMvcEndpoint.invoke(java.security.Principal)
2016-10-01 13:16:50.737  INFO 5108 --- [    Test worker] o.s.b.a.e.mvc.EndpointHandlerMapping     : Mapped "{[/configprops || /configprops.json],methods=[GET],produces=[application/json]}" onto public java.lang.Object org.springframework.boot.actuate.endpoint.mvc.EndpointMvcAdapter.invoke()
2016-10-01 13:16:50.737  INFO 5108 --- [    Test worker] o.s.b.a.e.mvc.EndpointHandlerMapping     : Mapped "{[/heapdump || /heapdump.json],methods=[GET],produces=[application/octet-stream]}" onto public void org.springframework.boot.actuate.endpoint.mvc.HeapdumpMvcEndpoint.invoke(boolean,javax.servlet.http.HttpServletRequest,javax.servlet.http.HttpServletResponse) throws java.io.IOException,javax.servlet.ServletException
2016-10-01 13:16:50.747  INFO 5108 --- [    Test worker] o.s.b.a.e.mvc.EndpointHandlerMapping     : Mapped "{[/metrics/{name:.*}],methods=[GET],produces=[application/json]}" onto public java.lang.Object org.springframework.boot.actuate.endpoint.mvc.MetricsMvcEndpoint.value(java.lang.String)
2016-10-01 13:16:50.747  INFO 5108 --- [    Test worker] o.s.b.a.e.mvc.EndpointHandlerMapping     : Mapped "{[/metrics || /metrics.json],methods=[GET],produces=[application/json]}" onto public java.lang.Object org.springframework.boot.actuate.endpoint.mvc.EndpointMvcAdapter.invoke()
2016-10-01 13:16:50.747  INFO 5108 --- [    Test worker] o.s.b.a.e.mvc.EndpointHandlerMapping     : Mapped "{[/autoconfig || /autoconfig.json],methods=[GET],produces=[application/json]}" onto public java.lang.Object org.springframework.boot.actuate.endpoint.mvc.EndpointMvcAdapter.invoke()
2016-10-01 13:16:50.850  INFO 5108 --- [    Test worker] o.s.w.s.v.f.FreeMarkerConfigurer         : ClassTemplateLoader for Spring macros added to FreeMarker configuration
2016-10-01 13:16:51.007  INFO 5108 --- [    Test worker] s.b.c.e.t.TomcatEmbeddedServletContainer : Tomcat started on port(s): 51478 (http)
2016-10-01 13:16:51.007  INFO 5108 --- [    Test worker] com.konasl.ApplicationTests              : Started ApplicationTests in 4.32 seconds (JVM running for 6.476)
2016-10-01 13:16:51.247  INFO 5108 --- [o-auto-1-exec-1] o.a.c.c.C.[Tomcat].[localhost].[/uaa]    : Initializing Spring FrameworkServlet 'dispatcherServlet'
2016-10-01 13:16:51.247  INFO 5108 --- [o-auto-1-exec-1] o.s.web.servlet.DispatcherServlet        : FrameworkServlet 'dispatcherServlet': initialization started
2016-10-01 13:16:51.267  INFO 5108 --- [o-auto-1-exec-1] o.s.web.servlet.DispatcherServlet        : FrameworkServlet 'dispatcherServlet': initialization completed in 20 ms
2016-10-01 13:16:51.277 DEBUG 5108 --- [o-auto-1-exec-1] o.s.s.web.util.matcher.OrRequestMatcher  : Trying to match using Ant [pattern='/css/**']
2016-10-01 13:16:51.277 DEBUG 5108 --- [o-auto-1-exec-1] o.s.s.w.u.matcher.AntPathRequestMatcher  : Checking match of request : '/user'; against '/css/**'
2016-10-01 13:16:51.277 DEBUG 5108 --- [o-auto-1-exec-1] o.s.s.web.util.matcher.OrRequestMatcher  : Trying to match using Ant [pattern='/js/**']
2016-10-01 13:16:51.277 DEBUG 5108 --- [o-auto-1-exec-1] o.s.s.w.u.matcher.AntPathRequestMatcher  : Checking match of request : '/user'; against '/js/**'
2016-10-01 13:16:51.277 DEBUG 5108 --- [o-auto-1-exec-1] o.s.s.web.util.matcher.OrRequestMatcher  : Trying to match using Ant [pattern='/images/**']
2016-10-01 13:16:51.277 DEBUG 5108 --- [o-auto-1-exec-1] o.s.s.w.u.matcher.AntPathRequestMatcher  : Checking match of request : '/user'; against '/images/**'
2016-10-01 13:16:51.277 DEBUG 5108 --- [o-auto-1-exec-1] o.s.s.web.util.matcher.OrRequestMatcher  : Trying to match using Ant [pattern='/webjars/**']
2016-10-01 13:16:51.277 DEBUG 5108 --- [o-auto-1-exec-1] o.s.s.w.u.matcher.AntPathRequestMatcher  : Checking match of request : '/user'; against '/webjars/**'
2016-10-01 13:16:51.277 DEBUG 5108 --- [o-auto-1-exec-1] o.s.s.web.util.matcher.OrRequestMatcher  : Trying to match using Ant [pattern='/**/favicon.ico']
2016-10-01 13:16:51.277 DEBUG 5108 --- [o-auto-1-exec-1] o.s.s.w.u.matcher.AntPathRequestMatcher  : Checking match of request : '/user'; against '/**/favicon.ico'
2016-10-01 13:16:51.277 DEBUG 5108 --- [o-auto-1-exec-1] o.s.s.web.util.matcher.OrRequestMatcher  : Trying to match using Ant [pattern='/error']
2016-10-01 13:16:51.277 DEBUG 5108 --- [o-auto-1-exec-1] o.s.s.w.u.matcher.AntPathRequestMatcher  : Checking match of request : '/user'; against '/error'
2016-10-01 13:16:51.277 DEBUG 5108 --- [o-auto-1-exec-1] o.s.s.web.util.matcher.OrRequestMatcher  : No matches found
2016-10-01 13:16:51.277 DEBUG 5108 --- [o-auto-1-exec-1] o.s.s.web.util.matcher.OrRequestMatcher  : Trying to match using Ant [pattern='/login']
2016-10-01 13:16:51.277 DEBUG 5108 --- [o-auto-1-exec-1] o.s.s.w.u.matcher.AntPathRequestMatcher  : Checking match of request : '/user'; against '/login'
2016-10-01 13:16:51.277 DEBUG 5108 --- [o-auto-1-exec-1] o.s.s.web.util.matcher.OrRequestMatcher  : Trying to match using Ant [pattern='/']
2016-10-01 13:16:51.277 DEBUG 5108 --- [o-auto-1-exec-1] o.s.s.w.u.matcher.AntPathRequestMatcher  : Checking match of request : '/user'; against '/'
2016-10-01 13:16:51.277 DEBUG 5108 --- [o-auto-1-exec-1] o.s.s.web.util.matcher.OrRequestMatcher  : Trying to match using Ant [pattern='/home']
2016-10-01 13:16:51.277 DEBUG 5108 --- [o-auto-1-exec-1] o.s.s.w.u.matcher.AntPathRequestMatcher  : Checking match of request : '/user'; against '/home'
2016-10-01 13:16:51.277 DEBUG 5108 --- [o-auto-1-exec-1] o.s.s.web.util.matcher.OrRequestMatcher  : Trying to match using Ant [pattern='/oauth/authorize']
2016-10-01 13:16:51.277 DEBUG 5108 --- [o-auto-1-exec-1] o.s.s.w.u.matcher.AntPathRequestMatcher  : Checking match of request : '/user'; against '/oauth/authorize'
2016-10-01 13:16:51.277 DEBUG 5108 --- [o-auto-1-exec-1] o.s.s.web.util.matcher.OrRequestMatcher  : Trying to match using Ant [pattern='/oauth/confirm_access']
2016-10-01 13:16:51.277 DEBUG 5108 --- [o-auto-1-exec-1] o.s.s.w.u.matcher.AntPathRequestMatcher  : Checking match of request : '/user'; against '/oauth/confirm_access'
2016-10-01 13:16:51.277 DEBUG 5108 --- [o-auto-1-exec-1] o.s.s.web.util.matcher.OrRequestMatcher  : No matches found
2016-10-01 13:16:51.277 DEBUG 5108 --- [o-auto-1-exec-1] o.s.s.web.util.matcher.OrRequestMatcher  : Trying to match using Ant [pattern='/oauth/token']
2016-10-01 13:16:51.277 DEBUG 5108 --- [o-auto-1-exec-1] o.s.s.w.u.matcher.AntPathRequestMatcher  : Checking match of request : '/user'; against '/oauth/token'
2016-10-01 13:16:51.277 DEBUG 5108 --- [o-auto-1-exec-1] o.s.s.web.util.matcher.OrRequestMatcher  : Trying to match using Ant [pattern='/oauth/token_key']
2016-10-01 13:16:51.277 DEBUG 5108 --- [o-auto-1-exec-1] o.s.s.w.u.matcher.AntPathRequestMatcher  : Checking match of request : '/user'; against '/oauth/token_key'
2016-10-01 13:16:51.277 DEBUG 5108 --- [o-auto-1-exec-1] o.s.s.web.util.matcher.OrRequestMatcher  : Trying to match using Ant [pattern='/oauth/check_token']
2016-10-01 13:16:51.277 DEBUG 5108 --- [o-auto-1-exec-1] o.s.s.w.u.matcher.AntPathRequestMatcher  : Checking match of request : '/user'; against '/oauth/check_token'
2016-10-01 13:16:51.277 DEBUG 5108 --- [o-auto-1-exec-1] o.s.s.web.util.matcher.OrRequestMatcher  : No matches found
2016-10-01 13:16:51.277 DEBUG 5108 --- [o-auto-1-exec-1] o.s.security.web.FilterChainProxy        : /user at position 1 of 11 in additional filter chain; firing Filter: 'WebAsyncManagerIntegrationFilter'
2016-10-01 13:16:51.277 DEBUG 5108 --- [o-auto-1-exec-1] o.s.security.web.FilterChainProxy        : /user at position 2 of 11 in additional filter chain; firing Filter: 'SecurityContextPersistenceFilter'
2016-10-01 13:16:51.277 DEBUG 5108 --- [o-auto-1-exec-1] o.s.security.web.FilterChainProxy        : /user at position 3 of 11 in additional filter chain; firing Filter: 'HeaderWriterFilter'
2016-10-01 13:16:51.277 DEBUG 5108 --- [o-auto-1-exec-1] o.s.security.web.FilterChainProxy        : /user at position 4 of 11 in additional filter chain; firing Filter: 'LogoutFilter'
2016-10-01 13:16:51.277 DEBUG 5108 --- [o-auto-1-exec-1] o.s.s.web.util.matcher.OrRequestMatcher  : Trying to match using Ant [pattern='/logout', GET]
2016-10-01 13:16:51.277 DEBUG 5108 --- [o-auto-1-exec-1] o.s.s.w.u.matcher.AntPathRequestMatcher  : Checking match of request : '/user'; against '/logout'
2016-10-01 13:16:51.277 DEBUG 5108 --- [o-auto-1-exec-1] o.s.s.web.util.matcher.OrRequestMatcher  : Trying to match using Ant [pattern='/logout', POST]
2016-10-01 13:16:51.277 DEBUG 5108 --- [o-auto-1-exec-1] o.s.s.w.u.matcher.AntPathRequestMatcher  : Request 'GET /user' doesn't match 'POST /logout
2016-10-01 13:16:51.277 DEBUG 5108 --- [o-auto-1-exec-1] o.s.s.web.util.matcher.OrRequestMatcher  : Trying to match using Ant [pattern='/logout', PUT]
2016-10-01 13:16:51.277 DEBUG 5108 --- [o-auto-1-exec-1] o.s.s.w.u.matcher.AntPathRequestMatcher  : Request 'GET /user' doesn't match 'PUT /logout
2016-10-01 13:16:51.277 DEBUG 5108 --- [o-auto-1-exec-1] o.s.s.web.util.matcher.OrRequestMatcher  : Trying to match using Ant [pattern='/logout', DELETE]
2016-10-01 13:16:51.277 DEBUG 5108 --- [o-auto-1-exec-1] o.s.s.w.u.matcher.AntPathRequestMatcher  : Request 'GET /user' doesn't match 'DELETE /logout
2016-10-01 13:16:51.277 DEBUG 5108 --- [o-auto-1-exec-1] o.s.s.web.util.matcher.OrRequestMatcher  : No matches found
2016-10-01 13:16:51.277 DEBUG 5108 --- [o-auto-1-exec-1] o.s.security.web.FilterChainProxy        : /user at position 5 of 11 in additional filter chain; firing Filter: 'OAuth2AuthenticationProcessingFilter'
2016-10-01 13:16:51.277 DEBUG 5108 --- [o-auto-1-exec-1] o.s.s.o.p.a.BearerTokenExtractor         : Token not found in headers. Trying request parameters.
2016-10-01 13:16:51.277 DEBUG 5108 --- [o-auto-1-exec-1] o.s.s.o.p.a.BearerTokenExtractor         : Token not found in request parameters.  Not an OAuth2 request.
2016-10-01 13:16:51.277 DEBUG 5108 --- [o-auto-1-exec-1] p.a.OAuth2AuthenticationProcessingFilter : No token in request, will continue chain.
2016-10-01 13:16:51.277 DEBUG 5108 --- [o-auto-1-exec-1] o.s.security.web.FilterChainProxy        : /user at position 6 of 11 in additional filter chain; firing Filter: 'RequestCacheAwareFilter'
2016-10-01 13:16:51.287 DEBUG 5108 --- [o-auto-1-exec-1] o.s.security.web.FilterChainProxy        : /user at position 7 of 11 in additional filter chain; firing Filter: 'SecurityContextHolderAwareRequestFilter'
2016-10-01 13:16:51.287 DEBUG 5108 --- [o-auto-1-exec-1] o.s.security.web.FilterChainProxy        : /user at position 8 of 11 in additional filter chain; firing Filter: 'AnonymousAuthenticationFilter'
2016-10-01 13:16:51.287 DEBUG 5108 --- [o-auto-1-exec-1] o.s.s.w.a.AnonymousAuthenticationFilter  : Populated SecurityContextHolder with anonymous token: 'org.springframework.security.authentication.AnonymousAuthenticationToken@9055e4a6: Principal: anonymousUser; Credentials: [PROTECTED]; Authenticated: true; Details: org.springframework.security.web.authentication.WebAuthenticationDetails@957e: RemoteIpAddress: 127.0.0.1; SessionId: null; Granted Authorities: ROLE_ANONYMOUS'
2016-10-01 13:16:51.287 DEBUG 5108 --- [o-auto-1-exec-1] o.s.security.web.FilterChainProxy        : /user at position 9 of 11 in additional filter chain; firing Filter: 'SessionManagementFilter'
2016-10-01 13:16:51.287 DEBUG 5108 --- [o-auto-1-exec-1] o.s.security.web.FilterChainProxy        : /user at position 10 of 11 in additional filter chain; firing Filter: 'ExceptionTranslationFilter'
2016-10-01 13:16:51.287 DEBUG 5108 --- [o-auto-1-exec-1] o.s.security.web.FilterChainProxy        : /user at position 11 of 11 in additional filter chain; firing Filter: 'FilterSecurityInterceptor'
2016-10-01 13:16:51.287 DEBUG 5108 --- [o-auto-1-exec-1] o.s.s.w.a.i.FilterSecurityInterceptor    : Secure object: FilterInvocation: URL: /user; Attributes: [#oauth2.throwOnError(authenticated)]
2016-10-01 13:16:51.287 DEBUG 5108 --- [o-auto-1-exec-1] o.s.s.w.a.i.FilterSecurityInterceptor    : Previously Authenticated: org.springframework.security.authentication.AnonymousAuthenticationToken@9055e4a6: Principal: anonymousUser; Credentials: [PROTECTED]; Authenticated: true; Details: org.springframework.security.web.authentication.WebAuthenticationDetails@957e: RemoteIpAddress: 127.0.0.1; SessionId: null; Granted Authorities: ROLE_ANONYMOUS
2016-10-01 13:16:51.287 DEBUG 5108 --- [o-auto-1-exec-1] o.s.s.access.vote.AffirmativeBased       : Voter: org.springframework.security.web.access.expression.WebExpressionVoter@15c9173, returned: -1
2016-10-01 13:16:51.300 DEBUG 5108 --- [o-auto-1-exec-1] o.s.s.w.a.ExceptionTranslationFilter     : Access is denied (user is anonymous); redirecting to authentication entry point

org.springframework.security.access.AccessDeniedException: Access is denied
	at org.springframework.security.access.vote.AffirmativeBased.decide(AffirmativeBased.java:84) ~[spring-security-core-4.1.3.RELEASE.jar:4.1.3.RELEASE]
	at org.springframework.security.access.intercept.AbstractSecurityInterceptor.beforeInvocation(AbstractSecurityInterceptor.java:233) ~[spring-security-core-4.1.3.RELEASE.jar:4.1.3.RELEASE]
	at org.springframework.security.web.access.intercept.FilterSecurityInterceptor.invoke(FilterSecurityInterceptor.java:124) ~[spring-security-web-4.1.3.RELEASE.jar:4.1.3.RELEASE]
	at org.springframework.security.web.access.intercept.FilterSecurityInterceptor.doFilter(FilterSecurityInterceptor.java:91) ~[spring-security-web-4.1.3.RELEASE.jar:4.1.3.RELEASE]
	at org.springframework.security.web.FilterChainProxy$VirtualFilterChain.doFilter(FilterChainProxy.java:331) [spring-security-web-4.1.3.RELEASE.jar:4.1.3.RELEASE]
	at org.springframework.security.web.access.ExceptionTranslationFilter.doFilter(ExceptionTranslationFilter.java:115) ~[spring-security-web-4.1.3.RELEASE.jar:4.1.3.RELEASE]
	at org.springframework.security.web.FilterChainProxy$VirtualFilterChain.doFilter(FilterChainProxy.java:331) [spring-security-web-4.1.3.RELEASE.jar:4.1.3.RELEASE]
	at org.springframework.security.web.session.SessionManagementFilter.doFilter(SessionManagementFilter.java:137) [spring-security-web-4.1.3.RELEASE.jar:4.1.3.RELEASE]
	at org.springframework.security.web.FilterChainProxy$VirtualFilterChain.doFilter(FilterChainProxy.java:331) [spring-security-web-4.1.3.RELEASE.jar:4.1.3.RELEASE]
	at org.springframework.security.web.authentication.AnonymousAuthenticationFilter.doFilter(AnonymousAuthenticationFilter.java:111) [spring-security-web-4.1.3.RELEASE.jar:4.1.3.RELEASE]
	at org.springframework.security.web.FilterChainProxy$VirtualFilterChain.doFilter(FilterChainProxy.java:331) [spring-security-web-4.1.3.RELEASE.jar:4.1.3.RELEASE]
	at org.springframework.security.web.servletapi.SecurityContextHolderAwareRequestFilter.doFilter(SecurityContextHolderAwareRequestFilter.java:169) [spring-security-web-4.1.3.RELEASE.jar:4.1.3.RELEASE]
	at org.springframework.security.web.FilterChainProxy$VirtualFilterChain.doFilter(FilterChainProxy.java:331) [spring-security-web-4.1.3.RELEASE.jar:4.1.3.RELEASE]
	at org.springframework.security.web.savedrequest.RequestCacheAwareFilter.doFilter(RequestCacheAwareFilter.java:63) [spring-security-web-4.1.3.RELEASE.jar:4.1.3.RELEASE]
	at org.springframework.security.web.FilterChainProxy$VirtualFilterChain.doFilter(FilterChainProxy.java:331) [spring-security-web-4.1.3.RELEASE.jar:4.1.3.RELEASE]
	at org.springframework.security.oauth2.provider.authentication.OAuth2AuthenticationProcessingFilter.doFilter(OAuth2AuthenticationProcessingFilter.java:176) [spring-security-oauth2-2.0.10.RELEASE.jar:na]
	at org.springframework.security.web.FilterChainProxy$VirtualFilterChain.doFilter(FilterChainProxy.java:331) [spring-security-web-4.1.3.RELEASE.jar:4.1.3.RELEASE]
	at org.springframework.security.web.authentication.logout.LogoutFilter.doFilter(LogoutFilter.java:121) [spring-security-web-4.1.3.RELEASE.jar:4.1.3.RELEASE]
	at org.springframework.security.web.FilterChainProxy$VirtualFilterChain.doFilter(FilterChainProxy.java:331) [spring-security-web-4.1.3.RELEASE.jar:4.1.3.RELEASE]
	at org.springframework.security.web.header.HeaderWriterFilter.doFilterInternal(HeaderWriterFilter.java:66) [spring-security-web-4.1.3.RELEASE.jar:4.1.3.RELEASE]
	at org.springframework.web.filter.OncePerRequestFilter.doFilter(OncePerRequestFilter.java:107) [spring-web-4.3.3.RELEASE.jar:4.3.3.RELEASE]
	at org.springframework.security.web.FilterChainProxy$VirtualFilterChain.doFilter(FilterChainProxy.java:331) [spring-security-web-4.1.3.RELEASE.jar:4.1.3.RELEASE]
	at org.springframework.security.web.context.SecurityContextPersistenceFilter.doFilter(SecurityContextPersistenceFilter.java:105) [spring-security-web-4.1.3.RELEASE.jar:4.1.3.RELEASE]
	at org.springframework.security.web.FilterChainProxy$VirtualFilterChain.doFilter(FilterChainProxy.java:331) [spring-security-web-4.1.3.RELEASE.jar:4.1.3.RELEASE]
	at org.springframework.security.web.context.request.async.WebAsyncManagerIntegrationFilter.doFilterInternal(WebAsyncManagerIntegrationFilter.java:56) [spring-security-web-4.1.3.RELEASE.jar:4.1.3.RELEASE]
	at org.springframework.web.filter.OncePerRequestFilter.doFilter(OncePerRequestFilter.java:107) [spring-web-4.3.3.RELEASE.jar:4.3.3.RELEASE]
	at org.springframework.security.web.FilterChainProxy$VirtualFilterChain.doFilter(FilterChainProxy.java:331) [spring-security-web-4.1.3.RELEASE.jar:4.1.3.RELEASE]
	at org.springframework.security.web.FilterChainProxy.doFilterInternal(FilterChainProxy.java:214) [spring-security-web-4.1.3.RELEASE.jar:4.1.3.RELEASE]
	at org.springframework.security.web.FilterChainProxy.doFilter(FilterChainProxy.java:177) [spring-security-web-4.1.3.RELEASE.jar:4.1.3.RELEASE]
	at org.springframework.web.filter.DelegatingFilterProxy.invokeDelegate(DelegatingFilterProxy.java:346) [spring-web-4.3.3.RELEASE.jar:4.3.3.RELEASE]
	at org.springframework.web.filter.DelegatingFilterProxy.doFilter(DelegatingFilterProxy.java:262) [spring-web-4.3.3.RELEASE.jar:4.3.3.RELEASE]
	at org.apache.catalina.core.ApplicationFilterChain.internalDoFilter(ApplicationFilterChain.java:192) [tomcat-embed-core-8.5.5.jar:8.5.5]
	at org.apache.catalina.core.ApplicationFilterChain.doFilter(ApplicationFilterChain.java:165) [tomcat-embed-core-8.5.5.jar:8.5.5]
	at org.springframework.web.filter.RequestContextFilter.doFilterInternal(RequestContextFilter.java:99) [spring-web-4.3.3.RELEASE.jar:4.3.3.RELEASE]
	at org.springframework.web.filter.OncePerRequestFilter.doFilter(OncePerRequestFilter.java:107) [spring-web-4.3.3.RELEASE.jar:4.3.3.RELEASE]
	at org.apache.catalina.core.ApplicationFilterChain.internalDoFilter(ApplicationFilterChain.java:192) [tomcat-embed-core-8.5.5.jar:8.5.5]
	at org.apache.catalina.core.ApplicationFilterChain.doFilter(ApplicationFilterChain.java:165) [tomcat-embed-core-8.5.5.jar:8.5.5]
	at org.springframework.web.filter.HttpPutFormContentFilter.doFilterInternal(HttpPutFormContentFilter.java:89) [spring-web-4.3.3.RELEASE.jar:4.3.3.RELEASE]
	at org.springframework.web.filter.OncePerRequestFilter.doFilter(OncePerRequestFilter.java:107) [spring-web-4.3.3.RELEASE.jar:4.3.3.RELEASE]
	at org.apache.catalina.core.ApplicationFilterChain.internalDoFilter(ApplicationFilterChain.java:192) [tomcat-embed-core-8.5.5.jar:8.5.5]
	at org.apache.catalina.core.ApplicationFilterChain.doFilter(ApplicationFilterChain.java:165) [tomcat-embed-core-8.5.5.jar:8.5.5]
	at org.springframework.web.filter.HiddenHttpMethodFilter.doFilterInternal(HiddenHttpMethodFilter.java:77) [spring-web-4.3.3.RELEASE.jar:4.3.3.RELEASE]
	at org.springframework.web.filter.OncePerRequestFilter.doFilter(OncePerRequestFilter.java:107) [spring-web-4.3.3.RELEASE.jar:4.3.3.RELEASE]
	at org.apache.catalina.core.ApplicationFilterChain.internalDoFilter(ApplicationFilterChain.java:192) [tomcat-embed-core-8.5.5.jar:8.5.5]
	at org.apache.catalina.core.ApplicationFilterChain.doFilter(ApplicationFilterChain.java:165) [tomcat-embed-core-8.5.5.jar:8.5.5]
	at org.springframework.web.filter.CharacterEncodingFilter.doFilterInternal(CharacterEncodingFilter.java:197) [spring-web-4.3.3.RELEASE.jar:4.3.3.RELEASE]
	at org.springframework.web.filter.OncePerRequestFilter.doFilter(OncePerRequestFilter.java:107) [spring-web-4.3.3.RELEASE.jar:4.3.3.RELEASE]
	at org.apache.catalina.core.ApplicationFilterChain.internalDoFilter(ApplicationFilterChain.java:192) [tomcat-embed-core-8.5.5.jar:8.5.5]
	at org.apache.catalina.core.ApplicationFilterChain.doFilter(ApplicationFilterChain.java:165) [tomcat-embed-core-8.5.5.jar:8.5.5]
	at org.springframework.boot.actuate.autoconfigure.MetricsFilter.doFilterInternal(MetricsFilter.java:107) [spring-boot-actuator-1.4.1.RELEASE.jar:1.4.1.RELEASE]
	at org.springframework.web.filter.OncePerRequestFilter.doFilter(OncePerRequestFilter.java:107) [spring-web-4.3.3.RELEASE.jar:4.3.3.RELEASE]
	at org.apache.catalina.core.ApplicationFilterChain.internalDoFilter(ApplicationFilterChain.java:192) [tomcat-embed-core-8.5.5.jar:8.5.5]
	at org.apache.catalina.core.ApplicationFilterChain.doFilter(ApplicationFilterChain.java:165) [tomcat-embed-core-8.5.5.jar:8.5.5]
	at org.apache.catalina.core.StandardWrapperValve.invoke(StandardWrapperValve.java:198) [tomcat-embed-core-8.5.5.jar:8.5.5]
	at org.apache.catalina.core.StandardContextValve.invoke(StandardContextValve.java:108) [tomcat-embed-core-8.5.5.jar:8.5.5]
	at org.apache.catalina.authenticator.AuthenticatorBase.invoke(AuthenticatorBase.java:472) [tomcat-embed-core-8.5.5.jar:8.5.5]
	at org.apache.catalina.core.StandardHostValve.invoke(StandardHostValve.java:140) [tomcat-embed-core-8.5.5.jar:8.5.5]
	at org.apache.catalina.valves.ErrorReportValve.invoke(ErrorReportValve.java:79) [tomcat-embed-core-8.5.5.jar:8.5.5]
	at org.apache.catalina.core.StandardEngineValve.invoke(StandardEngineValve.java:87) [tomcat-embed-core-8.5.5.jar:8.5.5]
	at org.apache.catalina.connector.CoyoteAdapter.service(CoyoteAdapter.java:349) [tomcat-embed-core-8.5.5.jar:8.5.5]
	at org.apache.coyote.http11.Http11Processor.service(Http11Processor.java:784) [tomcat-embed-core-8.5.5.jar:8.5.5]
	at org.apache.coyote.AbstractProcessorLight.process(AbstractProcessorLight.java:66) [tomcat-embed-core-8.5.5.jar:8.5.5]
	at org.apache.coyote.AbstractProtocol$ConnectionHandler.process(AbstractProtocol.java:802) [tomcat-embed-core-8.5.5.jar:8.5.5]
	at org.apache.tomcat.util.net.NioEndpoint$SocketProcessor.doRun(NioEndpoint.java:1410) [tomcat-embed-core-8.5.5.jar:8.5.5]
	at org.apache.tomcat.util.net.SocketProcessorBase.run(SocketProcessorBase.java:49) [tomcat-embed-core-8.5.5.jar:8.5.5]
	at java.util.concurrent.ThreadPoolExecutor.runWorker(ThreadPoolExecutor.java:1110) [na:1.7.0_03]
	at java.util.concurrent.ThreadPoolExecutor$Worker.run(ThreadPoolExecutor.java:603) [na:1.7.0_03]
	at org.apache.tomcat.util.threads.TaskThread$WrappingRunnable.run(TaskThread.java:61) [tomcat-embed-core-8.5.5.jar:8.5.5]
	at java.lang.Thread.run(Thread.java:722) [na:1.7.0_03]

2016-10-01 13:16:51.301 DEBUG 5108 --- [o-auto-1-exec-1] o.s.s.w.a.ExceptionTranslationFilter     : Calling Authentication entry point.
2016-10-01 13:16:51.438 DEBUG 5108 --- [o-auto-1-exec-1] o.s.s.w.header.writers.HstsHeaderWriter  : Not injecting HSTS header since it did not match the requestMatcher org.springframework.security.web.header.writers.HstsHeaderWriter$SecureRequestMatcher@2146ef
2016-10-01 13:16:51.438 DEBUG 5108 --- [o-auto-1-exec-1] s.s.o.p.e.DefaultOAuth2ExceptionRenderer : Written [error="unauthorized", error_description="Full authentication is required to access this resource"] as "application/json;charset=UTF-8" using [org.springframework.http.converter.json.MappingJackson2HttpMessageConverter@980cec]
2016-10-01 13:16:51.438 DEBUG 5108 --- [o-auto-1-exec-1] s.s.w.c.SecurityContextPersistenceFilter : SecurityContextHolder now cleared, as request processing completed
2016-10-01 13:16:51.458 DEBUG 5108 --- [o-auto-1-exec-2] o.s.s.web.util.matcher.OrRequestMatcher  : Trying to match using Ant [pattern='/css/**']
2016-10-01 13:16:51.458 DEBUG 5108 --- [o-auto-1-exec-2] o.s.s.w.u.matcher.AntPathRequestMatcher  : Checking match of request : '/oauth/authorize'; against '/css/**'
2016-10-01 13:16:51.458 DEBUG 5108 --- [o-auto-1-exec-2] o.s.s.web.util.matcher.OrRequestMatcher  : Trying to match using Ant [pattern='/js/**']
2016-10-01 13:16:51.458 DEBUG 5108 --- [o-auto-1-exec-2] o.s.s.w.u.matcher.AntPathRequestMatcher  : Checking match of request : '/oauth/authorize'; against '/js/**'
2016-10-01 13:16:51.458 DEBUG 5108 --- [o-auto-1-exec-2] o.s.s.web.util.matcher.OrRequestMatcher  : Trying to match using Ant [pattern='/images/**']
2016-10-01 13:16:51.458 DEBUG 5108 --- [o-auto-1-exec-2] o.s.s.w.u.matcher.AntPathRequestMatcher  : Checking match of request : '/oauth/authorize'; against '/images/**'
2016-10-01 13:16:51.458 DEBUG 5108 --- [o-auto-1-exec-2] o.s.s.web.util.matcher.OrRequestMatcher  : Trying to match using Ant [pattern='/webjars/**']
2016-10-01 13:16:51.458 DEBUG 5108 --- [o-auto-1-exec-2] o.s.s.w.u.matcher.AntPathRequestMatcher  : Checking match of request : '/oauth/authorize'; against '/webjars/**'
2016-10-01 13:16:51.458 DEBUG 5108 --- [o-auto-1-exec-2] o.s.s.web.util.matcher.OrRequestMatcher  : Trying to match using Ant [pattern='/**/favicon.ico']
2016-10-01 13:16:51.458 DEBUG 5108 --- [o-auto-1-exec-2] o.s.s.w.u.matcher.AntPathRequestMatcher  : Checking match of request : '/oauth/authorize'; against '/**/favicon.ico'
2016-10-01 13:16:51.458 DEBUG 5108 --- [o-auto-1-exec-2] o.s.s.web.util.matcher.OrRequestMatcher  : Trying to match using Ant [pattern='/error']
2016-10-01 13:16:51.458 DEBUG 5108 --- [o-auto-1-exec-2] o.s.s.w.u.matcher.AntPathRequestMatcher  : Checking match of request : '/oauth/authorize'; against '/error'
2016-10-01 13:16:51.458 DEBUG 5108 --- [o-auto-1-exec-2] o.s.s.web.util.matcher.OrRequestMatcher  : No matches found
2016-10-01 13:16:51.458 DEBUG 5108 --- [o-auto-1-exec-2] o.s.s.web.util.matcher.OrRequestMatcher  : Trying to match using Ant [pattern='/login']
2016-10-01 13:16:51.458 DEBUG 5108 --- [o-auto-1-exec-2] o.s.s.w.u.matcher.AntPathRequestMatcher  : Checking match of request : '/oauth/authorize'; against '/login'
2016-10-01 13:16:51.458 DEBUG 5108 --- [o-auto-1-exec-2] o.s.s.web.util.matcher.OrRequestMatcher  : Trying to match using Ant [pattern='/']
2016-10-01 13:16:51.458 DEBUG 5108 --- [o-auto-1-exec-2] o.s.s.w.u.matcher.AntPathRequestMatcher  : Checking match of request : '/oauth/authorize'; against '/'
2016-10-01 13:16:51.458 DEBUG 5108 --- [o-auto-1-exec-2] o.s.s.web.util.matcher.OrRequestMatcher  : Trying to match using Ant [pattern='/home']
2016-10-01 13:16:51.458 DEBUG 5108 --- [o-auto-1-exec-2] o.s.s.w.u.matcher.AntPathRequestMatcher  : Checking match of request : '/oauth/authorize'; against '/home'
2016-10-01 13:16:51.458 DEBUG 5108 --- [o-auto-1-exec-2] o.s.s.web.util.matcher.OrRequestMatcher  : Trying to match using Ant [pattern='/oauth/authorize']
2016-10-01 13:16:51.458 DEBUG 5108 --- [o-auto-1-exec-2] o.s.s.w.u.matcher.AntPathRequestMatcher  : Checking match of request : '/oauth/authorize'; against '/oauth/authorize'
2016-10-01 13:16:51.458 DEBUG 5108 --- [o-auto-1-exec-2] o.s.s.web.util.matcher.OrRequestMatcher  : matched
2016-10-01 13:16:51.458 DEBUG 5108 --- [o-auto-1-exec-2] o.s.security.web.FilterChainProxy        : /oauth/authorize at position 1 of 12 in additional filter chain; firing Filter: 'WebAsyncManagerIntegrationFilter'
2016-10-01 13:16:51.458 DEBUG 5108 --- [o-auto-1-exec-2] o.s.security.web.FilterChainProxy        : /oauth/authorize at position 2 of 12 in additional filter chain; firing Filter: 'SecurityContextPersistenceFilter'
2016-10-01 13:16:51.458 DEBUG 5108 --- [o-auto-1-exec-2] w.c.HttpSessionSecurityContextRepository : No HttpSession currently exists
2016-10-01 13:16:51.458 DEBUG 5108 --- [o-auto-1-exec-2] w.c.HttpSessionSecurityContextRepository : No SecurityContext was available from the HttpSession: null. A new one will be created.
2016-10-01 13:16:51.468 DEBUG 5108 --- [o-auto-1-exec-2] o.s.security.web.FilterChainProxy        : /oauth/authorize at position 3 of 12 in additional filter chain; firing Filter: 'HeaderWriterFilter'
2016-10-01 13:16:51.468 DEBUG 5108 --- [o-auto-1-exec-2] o.s.security.web.FilterChainProxy        : /oauth/authorize at position 4 of 12 in additional filter chain; firing Filter: 'CsrfFilter'
2016-10-01 13:16:51.468 DEBUG 5108 --- [o-auto-1-exec-2] o.s.security.web.FilterChainProxy        : /oauth/authorize at position 5 of 12 in additional filter chain; firing Filter: 'LogoutFilter'
2016-10-01 13:16:51.468 DEBUG 5108 --- [o-auto-1-exec-2] o.s.s.w.u.matcher.AntPathRequestMatcher  : Checking match of request : '/oauth/authorize'; against '/logout'
2016-10-01 13:16:51.468 DEBUG 5108 --- [o-auto-1-exec-2] o.s.security.web.FilterChainProxy        : /oauth/authorize at position 6 of 12 in additional filter chain; firing Filter: 'UsernamePasswordAuthenticationFilter'
2016-10-01 13:16:51.468 DEBUG 5108 --- [o-auto-1-exec-2] o.s.s.w.u.matcher.AntPathRequestMatcher  : Request 'GET /oauth/authorize' doesn't match 'POST /login
2016-10-01 13:16:51.468 DEBUG 5108 --- [o-auto-1-exec-2] o.s.security.web.FilterChainProxy        : /oauth/authorize at position 7 of 12 in additional filter chain; firing Filter: 'RequestCacheAwareFilter'
[...]
2016-10-01 13:16:51.488 DEBUG 5108 --- [o-auto-1-exec-3] o.s.s.w.u.matcher.AntPathRequestMatcher  : Checking match of request : '/'; against '/logout'
2016-10-01 13:16:51.488 DEBUG 5108 --- [o-auto-1-exec-3] o.s.security.web.FilterChainProxy        : / at position 6 of 12 in additional filter chain; firing Filter: 'UsernamePasswordAuthenticationFilter'
2016-10-01 13:16:51.488 DEBUG 5108 --- [o-auto-1-exec-3] o.s.s.w.u.matcher.AntPathRequestMatcher  : Request 'GET /' doesn't match 'POST /login
2016-10-01 13:16:51.488 DEBUG 5108 --- [o-auto-1-exec-3] o.s.security.web.FilterChainProxy        : / at position 7 of 12 in additional filter chain; firing Filter: 'RequestCacheAwareFilter'
2016-10-01 13:16:51.488 DEBUG 5108 --- [o-auto-1-exec-3] o.s.security.web.FilterChainProxy        : / at position 8 of 12 in additional filter chain; firing Filter: 'SecurityContextHolderAwareRequestFilter'
2016-10-01 13:16:51.488 DEBUG 5108 --- [o-auto-1-exec-3] o.s.security.web.FilterChainProxy        : / at position 9 of 12 in additional filter chain; firing Filter: 'AnonymousAuthenticationFilter'
2016-10-01 13:16:51.488 DEBUG 5108 --- [o-auto-1-exec-3] o.s.s.w.a.AnonymousAuthenticationFilter  : Populated SecurityContextHolder with anonymous token: 'org.springframework.security.authentication.AnonymousAuthenticationToken@9055e4a6: Principal: anonymousUser; Credentials: [PROTECTED]; Authenticated: true; Details: org.springframework.security.web.authentication.WebAuthenticationDetails@957e: RemoteIpAddress: 127.0.0.1; SessionId: null; Granted Authorities: ROLE_ANONYMOUS'
2016-10-01 13:16:51.488 DEBUG 5108 --- [o-auto-1-exec-3] o.s.security.web.FilterChainProxy        : / at position 10 of 12 in additional filter chain; firing Filter: 'SessionManagementFilter'
2016-10-01 13:16:51.488 DEBUG 5108 --- [o-auto-1-exec-3] o.s.security.web.FilterChainProxy        : / at position 11 of 12 in additional filter chain; firing Filter: 'ExceptionTranslationFilter'
2016-10-01 13:16:51.488 DEBUG 5108 --- [o-auto-1-exec-3] o.s.security.web.FilterChainProxy        : / at position 12 of 12 in additional filter chain; firing Filter: 'FilterSecurityInterceptor'
2016-10-01 13:16:51.488 DEBUG 5108 --- [o-auto-1-exec-3] o.s.s.w.u.matcher.AntPathRequestMatcher  : Checking match of request : '/'; against '/'
2016-10-01 13:16:51.488 DEBUG 5108 --- [o-auto-1-exec-3] o.s.s.w.a.i.FilterSecurityInterceptor    : Secure object: FilterInvocation: URL: /; Attributes: [permitAll]
2016-10-01 13:16:51.488 DEBUG 5108 --- [o-auto-1-exec-3] o.s.s.w.a.i.FilterSecurityInterceptor    : Previously Authenticated: org.springframework.security.authentication.AnonymousAuthenticationToken@9055e4a6: Principal: anonymousUser; Credentials: [PROTECTED]; Authenticated: true; Details: org.springframework.security.web.authentication.WebAuthenticationDetails@957e: RemoteIpAddress: 127.0.0.1; SessionId: null; Granted Authorities: ROLE_ANONYMOUS
2016-10-01 13:16:51.488 DEBUG 5108 --- [o-auto-1-exec-3] o.s.s.access.vote.AffirmativeBased       : Voter: org.springframework.security.web.access.expression.WebExpressionVoter@12f0fd, returned: 1
2016-10-01 13:16:51.488 DEBUG 5108 --- [o-auto-1-exec-3] o.s.s.w.a.i.FilterSecurityInterceptor    : Authorization successful
2016-10-01 13:16:51.488 DEBUG 5108 --- [o-auto-1-exec-3] o.s.s.w.a.i.FilterSecurityInterceptor    : RunAsManager did not change Authentication object
2016-10-01 13:16:51.488 DEBUG 5108 --- [o-auto-1-exec-3] o.s.security.web.FilterChainProxy        : / reached end of additional filter chain; proceeding with original chain
2016-10-01 13:16:51.571 DEBUG 5108 --- [o-auto-1-exec-3] o.s.s.w.header.writers.HstsHeaderWriter  : Not injecting HSTS header since it did not match the requestMatcher org.springframework.security.web.header.writers.HstsHeaderWriter$SecureRequestMatcher@1459613
2016-10-01 13:16:51.571 DEBUG 5108 --- [o-auto-1-exec-3] w.c.HttpSessionSecurityContextRepository : SecurityContext is empty or contents are anonymous - context will not be stored in HttpSession.
2016-10-01 13:16:51.571 DEBUG 5108 --- [o-auto-1-exec-3] o.s.s.w.a.ExceptionTranslationFilter     : Chain processed normally
2016-10-01 13:16:51.571 DEBUG 5108 --- [o-auto-1-exec-3] s.s.w.c.SecurityContextPersistenceFilter : SecurityContextHolder now cleared, as request processing completed
2016-10-01 13:16:51.601 DEBUG 5108 --- [o-auto-1-exec-5] o.s.s.web.util.matcher.OrRequestMatcher  : Trying to match using Ant [pattern='/css/**']
2016-10-01 13:16:51.601 DEBUG 5108 --- [o-auto-1-exec-5] o.s.s.w.u.matcher.AntPathRequestMatcher  : Checking match of request : '/login'; against '/css/**'
2016-10-01 13:16:51.601 DEBUG 5108 --- [o-auto-1-exec-5] o.s.s.web.util.matcher.OrRequestMatcher  : Trying to match using Ant [pattern='/js/**']
2016-10-01 13:16:51.601 DEBUG 5108 --- [o-auto-1-exec-5] o.s.s.w.u.matcher.AntPathRequestMatcher  : Checking match of request : '/login'; against '/js/**'
2016-10-01 13:16:51.601 DEBUG 5108 --- [o-auto-1-exec-5] o.s.s.web.util.matcher.OrRequestMatcher  : Trying to match using Ant [pattern='/images/**']
2016-10-01 13:16:51.601 DEBUG 5108 --- [o-auto-1-exec-5] o.s.s.w.u.matcher.AntPathRequestMatcher  : Checking match of request : '/login'; against '/images/**'
2016-10-01 13:16:51.601 DEBUG 5108 --- [o-auto-1-exec-5] o.s.s.web.util.matcher.OrRequestMatcher  : Trying to match using Ant [pattern='/webjars/**']
2016-10-01 13:16:51.601 DEBUG 5108 --- [o-auto-1-exec-5] o.s.s.w.u.matcher.AntPathRequestMatcher  : Checking match of request : '/login'; against '/webjars/**'
2016-10-01 13:16:51.601 DEBUG 5108 --- [o-auto-1-exec-5] o.s.s.web.util.matcher.OrRequestMatcher  : Trying to match using Ant [pattern='/**/favicon.ico']
2016-10-01 13:16:51.601 DEBUG 5108 --- [o-auto-1-exec-5] o.s.s.w.u.matcher.AntPathRequestMatcher  : Checking match of request : '/login'; against '/**/favicon.ico'
2016-10-01 13:16:51.601 DEBUG 5108 --- [o-auto-1-exec-5] o.s.s.web.util.matcher.OrRequestMatcher  : Trying to match using Ant [pattern='/error']
2016-10-01 13:16:51.601 DEBUG 5108 --- [o-auto-1-exec-5] o.s.s.w.u.matcher.AntPathRequestMatcher  : Checking match of request : '/login'; against '/error'
2016-10-01 13:16:51.601 DEBUG 5108 --- [o-auto-1-exec-5] o.s.s.web.util.matcher.OrRequestMatcher  : No matches found
2016-10-01 13:16:51.601 DEBUG 5108 --- [o-auto-1-exec-5] o.s.s.web.util.matcher.OrRequestMatcher  : Trying to match using Ant [pattern='/login']
2016-10-01 13:16:51.601 DEBUG 5108 --- [o-auto-1-exec-5] o.s.s.w.u.matcher.AntPathRequestMatcher  : Checking match of request : '/login'; against '/login'
2016-10-01 13:16:51.601 DEBUG 5108 --- [o-auto-1-exec-5] o.s.s.web.util.matcher.OrRequestMatcher  : matched
2016-10-01 13:16:51.601 DEBUG 5108 --- [o-auto-1-exec-5] o.s.security.web.FilterChainProxy        : /login at position 1 of 12 in additional filter chain; firing Filter: 'WebAsyncManagerIntegrationFilter'
2016-10-01 13:16:51.601 DEBUG 5108 --- [o-auto-1-exec-5] o.s.security.web.FilterChainProxy        : /login at position 2 of 12 in additional filter chain; firing Filter: 'SecurityContextPersistenceFilter'
2016-10-01 13:16:51.601 DEBUG 5108 --- [o-auto-1-exec-5] w.c.HttpSessionSecurityContextRepository : No HttpSession currently exists
2016-10-01 13:16:51.601 DEBUG 5108 --- [o-auto-1-exec-5] w.c.HttpSessionSecurityContextRepository : No SecurityContext was available from the HttpSession: null. A new one will be created.
2016-10-01 13:16:51.601 DEBUG 5108 --- [o-auto-1-exec-5] o.s.security.web.FilterChainProxy        : /login at position 3 of 12 in additional filter chain; firing Filter: 'HeaderWriterFilter'
2016-10-01 13:16:51.601 DEBUG 5108 --- [o-auto-1-exec-5] o.s.security.web.FilterChainProxy        : /login at position 4 of 12 in additional filter chain; firing Filter: 'CsrfFilter'
2016-10-01 13:16:51.601 DEBUG 5108 --- [o-auto-1-exec-5] o.s.security.web.FilterChainProxy        : /login at position 5 of 12 in additional filter chain; firing Filter: 'LogoutFilter'
2016-10-01 13:16:51.601 DEBUG 5108 --- [o-auto-1-exec-5] o.s.s.w.u.matcher.AntPathRequestMatcher  : Checking match of request : '/login'; against '/logout'
2016-10-01 13:16:51.601 DEBUG 5108 --- [o-auto-1-exec-5] o.s.security.web.FilterChainProxy        : /login at position 6 of 12 in additional filter chain; firing Filter: 'UsernamePasswordAuthenticationFilter'
2016-10-01 13:16:51.601 DEBUG 5108 --- [o-auto-1-exec-5] o.s.s.w.u.matcher.AntPathRequestMatcher  : Request 'GET /login' doesn't match 'POST /login
2016-10-01 13:16:51.601 DEBUG 5108 --- [o-auto-1-exec-5] o.s.security.web.FilterChainProxy        : /login at position 7 of 12 in additional filter chain; firing Filter: 'RequestCacheAwareFilter'
2016-10-01 13:16:51.601 DEBUG 5108 --- [o-auto-1-exec-5] o.s.security.web.FilterChainProxy        : /login at position 8 of 12 in additional filter chain; firing Filter: 'SecurityContextHolderAwareRequestFilter'
2016-10-01 13:16:51.601 DEBUG 5108 --- [o-auto-1-exec-5] o.s.security.web.FilterChainProxy        : /login at position 9 of 12 in additional filter chain; firing Filter: 'AnonymousAuthenticationFilter'
2016-10-01 13:16:51.601 DEBUG 5108 --- [o-auto-1-exec-5] o.s.s.w.a.AnonymousAuthenticationFilter  : Populated SecurityContextHolder with anonymous token: 'org.springframework.security.authentication.AnonymousAuthenticationToken@9055e4a6: Principal: anonymousUser; Credentials: [PROTECTED]; Authenticated: true; Details: org.springframework.security.web.authentication.WebAuthenticationDetails@957e: RemoteIpAddress: 127.0.0.1; SessionId: null; Granted Authorities: ROLE_ANONYMOUS'
2016-10-01 13:16:51.601 DEBUG 5108 --- [o-auto-1-exec-5] o.s.security.web.FilterChainProxy        : /login at position 10 of 12 in additional filter chain; firing Filter: 'SessionManagementFilter'
2016-10-01 13:16:51.601 DEBUG 5108 --- [o-auto-1-exec-5] o.s.security.web.FilterChainProxy        : /login at position 11 of 12 in additional filter chain; firing Filter: 'ExceptionTranslationFilter'
2016-10-01 13:16:51.601 DEBUG 5108 --- [o-auto-1-exec-5] o.s.security.web.FilterChainProxy        : /login at position 12 of 12 in additional filter chain; firing Filter: 'FilterSecurityInterceptor'
2016-10-01 13:16:51.601 DEBUG 5108 --- [o-auto-1-exec-5] o.s.s.w.a.i.FilterSecurityInterceptor    : Secure object: FilterInvocation: URL: /login; Attributes: [permitAll]
2016-10-01 13:16:51.601 DEBUG 5108 --- [o-auto-1-exec-5] o.s.s.w.a.i.FilterSecurityInterceptor    : Previously Authenticated: org.springframework.security.authentication.AnonymousAuthenticationToken@9055e4a6: Principal: anonymousUser; Credentials: [PROTECTED]; Authenticated: true; Details: org.springframework.security.web.authentication.WebAuthenticationDetails@957e: RemoteIpAddress: 127.0.0.1; SessionId: null; Granted Authorities: ROLE_ANONYMOUS
2016-10-01 13:16:51.601 DEBUG 5108 --- [o-auto-1-exec-5] o.s.s.access.vote.AffirmativeBased       : Voter: org.springframework.security.web.access.expression.WebExpressionVoter@12f0fd, returned: 1
2016-10-01 13:16:51.601 DEBUG 5108 --- [o-auto-1-exec-5] o.s.s.w.a.i.FilterSecurityInterceptor    : Authorization successful
2016-10-01 13:16:51.601 DEBUG 5108 --- [o-auto-1-exec-5] o.s.s.w.a.i.FilterSecurityInterceptor    : RunAsManager did not change Authentication object
2016-10-01 13:16:51.601 DEBUG 5108 --- [o-auto-1-exec-5] o.s.security.web.FilterChainProxy        : /login reached end of additional filter chain; proceeding with original chain
2016-10-01 13:16:51.631 DEBUG 5108 --- [o-auto-1-exec-5] o.s.s.w.header.writers.HstsHeaderWriter  : Not injecting HSTS header since it did not match the requestMatcher org.springframework.security.web.header.writers.HstsHeaderWriter$SecureRequestMatcher@1459613
2016-10-01 13:16:51.631 DEBUG 5108 --- [o-auto-1-exec-5] w.c.HttpSessionSecurityContextRepository : SecurityContext is empty or contents are anonymous - context will not be stored in HttpSession.
2016-10-01 13:16:51.641 DEBUG 5108 --- [o-auto-1-exec-5] o.s.s.w.a.ExceptionTranslationFilter     : Chain processed normally
2016-10-01 13:16:51.641 DEBUG 5108 --- [o-auto-1-exec-5] s.s.w.c.SecurityContextPersistenceFilter : SecurityContextHolder now cleared, as request processing completed
2016-10-01 13:16:51.667 DEBUG 5108 --- [o-auto-1-exec-6] o.s.s.web.util.matcher.OrRequestMatcher  : Trying to match using Ant [pattern='/css/**']
2016-10-01 13:16:51.667 DEBUG 5108 --- [o-auto-1-exec-6] o.s.s.w.u.matcher.AntPathRequestMatcher  : Checking match of request : '/login'; against '/css/**'
2016-10-01 13:16:51.667 DEBUG 5108 --- [o-auto-1-exec-6] o.s.s.web.util.matcher.OrRequestMatcher  : Trying to match using Ant [pattern='/js/**']
2016-10-01 13:16:51.667 DEBUG 5108 --- [o-auto-1-exec-6] o.s.s.w.u.matcher.AntPathRequestMatcher  : Checking match of request : '/login'; against '/js/**'
2016-10-01 13:16:51.667 DEBUG 5108 --- [o-auto-1-exec-6] o.s.s.web.util.matcher.OrRequestMatcher  : Trying to match using Ant [pattern='/images/**']
2016-10-01 13:16:51.667 DEBUG 5108 --- [o-auto-1-exec-6] o.s.s.w.u.matcher.AntPathRequestMatcher  : Checking match of request : '/login'; against '/images/**'
2016-10-01 13:16:51.667 DEBUG 5108 --- [o-auto-1-exec-6] o.s.s.web.util.matcher.OrRequestMatcher  : Trying to match using Ant [pattern='/webjars/**']
2016-10-01 13:16:51.667 DEBUG 5108 --- [o-auto-1-exec-6] o.s.s.w.u.matcher.AntPathRequestMatcher  : Checking match of request : '/login'; against '/webjars/**'
2016-10-01 13:16:51.667 DEBUG 5108 --- [o-auto-1-exec-6] o.s.s.web.util.matcher.OrRequestMatcher  : Trying to match using Ant [pattern='/**/favicon.ico']
2016-10-01 13:16:51.667 DEBUG 5108 --- [o-auto-1-exec-6] o.s.s.w.u.matcher.AntPathRequestMatcher  : Checking match of request : '/login'; against '/**/favicon.ico'
2016-10-01 13:16:51.667 DEBUG 5108 --- [o-auto-1-exec-6] o.s.s.web.util.matcher.OrRequestMatcher  : Trying to match using Ant [pattern='/error']
2016-10-01 13:16:51.667 DEBUG 5108 --- [o-auto-1-exec-6] o.s.s.w.u.matcher.AntPathRequestMatcher  : Checking match of request : '/login'; against '/error'
2016-10-01 13:16:51.667 DEBUG 5108 --- [o-auto-1-exec-6] o.s.s.web.util.matcher.OrRequestMatcher  : No matches found
2016-10-01 13:16:51.667 DEBUG 5108 --- [o-auto-1-exec-6] o.s.s.web.util.matcher.OrRequestMatcher  : Trying to match using Ant [pattern='/login']
2016-10-01 13:16:51.667 DEBUG 5108 --- [o-auto-1-exec-6] o.s.s.w.u.matcher.AntPathRequestMatcher  : Checking match of request : '/login'; against '/login'
2016-10-01 13:16:51.667 DEBUG 5108 --- [o-auto-1-exec-6] o.s.s.web.util.matcher.OrRequestMatcher  : matched
2016-10-01 13:16:51.667 DEBUG 5108 --- [o-auto-1-exec-6] o.s.security.web.FilterChainProxy        : /login at position 1 of 12 in additional filter chain; firing Filter: 'WebAsyncManagerIntegrationFilter'
2016-10-01 13:16:51.667 DEBUG 5108 --- [o-auto-1-exec-6] o.s.security.web.FilterChainProxy        : /login at position 2 of 12 in additional filter chain; firing Filter: 'SecurityContextPersistenceFilter'
2016-10-01 13:16:51.667 DEBUG 5108 --- [o-auto-1-exec-6] w.c.HttpSessionSecurityContextRepository : No HttpSession currently exists
2016-10-01 13:16:51.667 DEBUG 5108 --- [o-auto-1-exec-6] w.c.HttpSessionSecurityContextRepository : No SecurityContext was available from the HttpSession: null. A new one will be created.
2016-10-01 13:16:51.667 DEBUG 5108 --- [o-auto-1-exec-6] o.s.security.web.FilterChainProxy        : /login at position 3 of 12 in additional filter chain; firing Filter: 'HeaderWriterFilter'
2016-10-01 13:16:51.667 DEBUG 5108 --- [o-auto-1-exec-6] o.s.security.web.FilterChainProxy        : /login at position 4 of 12 in additional filter chain; firing Filter: 'CsrfFilter'
2016-10-01 13:16:51.667 DEBUG 5108 --- [o-auto-1-exec-6] o.s.security.web.FilterChainProxy        : /login at position 5 of 12 in additional filter chain; firing Filter: 'LogoutFilter'
2016-10-01 13:16:51.667 DEBUG 5108 --- [o-auto-1-exec-6] o.s.s.w.u.matcher.AntPathRequestMatcher  : Checking match of request : '/login'; against '/logout'
2016-10-01 13:16:51.667 DEBUG 5108 --- [o-auto-1-exec-6] o.s.security.web.FilterChainProxy        : /login at position 6 of 12 in additional filter chain; firing Filter: 'UsernamePasswordAuthenticationFilter'
2016-10-01 13:16:51.667 DEBUG 5108 --- [o-auto-1-exec-6] o.s.s.w.u.matcher.AntPathRequestMatcher  : Checking match of request : '/login'; against '/login'
2016-10-01 13:16:51.667 DEBUG 5108 --- [o-auto-1-exec-6] w.a.UsernamePasswordAuthenticationFilter : Request is to process authentication
2016-10-01 13:16:51.667 DEBUG 5108 --- [o-auto-1-exec-6] o.s.s.authentication.ProviderManager     : Authentication attempt using org.springframework.security.authentication.dao.DaoAuthenticationProvider
2016-10-01 13:16:51.667 DEBUG 5108 --- [o-auto-1-exec-6] o.s.s.a.dao.DaoAuthenticationProvider    : User 'user' not found
2016-10-01 13:16:51.667 DEBUG 5108 --- [o-auto-1-exec-6] o.s.s.authentication.ProviderManager     : Authentication attempt using org.springframework.security.authentication.dao.DaoAuthenticationProvider
2016-10-01 13:16:51.667 DEBUG 5108 --- [o-auto-1-exec-6] s.CompositeSessionAuthenticationStrategy : Delegating to org.springframework.security.web.authentication.session.ChangeSessionIdAuthenticationStrategy@1eb8832
2016-10-01 13:16:51.667 DEBUG 5108 --- [o-auto-1-exec-6] s.CompositeSessionAuthenticationStrategy : Delegating to org.springframework.security.web.csrf.CsrfAuthenticationStrategy@1d9f295
2016-10-01 13:16:51.667 DEBUG 5108 --- [o-auto-1-exec-6] w.a.UsernamePasswordAuthenticationFilter : Authentication success. Updating SecurityContextHolder to contain: org.springframework.security.authentication.UsernamePasswordAuthenticationToken@fb774aa3: Principal: org.springframework.security.core.userdetails.User@36ebcb: Username: user; Password: [PROTECTED]; Enabled: true; AccountNonExpired: true; credentialsNonExpired: true; AccountNonLocked: true; Granted Authorities: ROLE_ADMIN,ROLE_USER; Credentials: [PROTECTED]; Authenticated: true; Details: org.springframework.security.web.authentication.WebAuthenticationDetails@957e: RemoteIpAddress: 127.0.0.1; SessionId: null; Granted Authorities: ROLE_ADMIN, ROLE_USER
2016-10-01 13:16:51.667 DEBUG 5108 --- [o-auto-1-exec-6] RequestAwareAuthenticationSuccessHandler : Using default Url: /home
2016-10-01 13:16:51.667 DEBUG 5108 --- [o-auto-1-exec-6] o.s.s.web.DefaultRedirectStrategy        : Redirecting to '/uaa/home'
2016-10-01 13:16:51.667 DEBUG 5108 --- [o-auto-1-exec-6] o.s.s.w.header.writers.HstsHeaderWriter  : Not injecting HSTS header since it did not match the requestMatcher org.springframework.security.web.header.writers.HstsHeaderWriter$SecureRequestMatcher@1459613
2016-10-01 13:16:51.667 DEBUG 5108 --- [o-auto-1-exec-6] w.c.HttpSessionSecurityContextRepository : HttpSession being created as SecurityContext is non-default
2016-10-01 13:16:51.677 DEBUG 5108 --- [o-auto-1-exec-6] w.c.HttpSessionSecurityContextRepository : SecurityContext 'org.springframework.security.core.context.SecurityContextImpl@fb774aa3: Authentication: org.springframework.security.authentication.UsernamePasswordAuthenticationToken@fb774aa3: Principal: org.springframework.security.core.userdetails.User@36ebcb: Username: user; Password: [PROTECTED]; Enabled: true; AccountNonExpired: true; credentialsNonExpired: true; AccountNonLocked: true; Granted Authorities: ROLE_ADMIN,ROLE_USER; Credentials: [PROTECTED]; Authenticated: true; Details: org.springframework.security.web.authentication.WebAuthenticationDetails@957e: RemoteIpAddress: 127.0.0.1; SessionId: null; Granted Authorities: ROLE_ADMIN, ROLE_USER' stored to HttpSession: 'org.apache.catalina.session.StandardSessionFacade@1c06a27
2016-10-01 13:16:51.677 DEBUG 5108 --- [o-auto-1-exec-6] s.s.w.c.SecurityContextPersistenceFilter : SecurityContextHolder now cleared, as request processing completed
]]></system-out>
  <system-err><![CDATA[]]></system-err>
</testsuite>
